00:08:58.322,"GET /: Error: /Users/joecarlson/Documents/Dev/JavaScript/beschel-test2/server/views/index.jade:28
    26|             The test was popularized by Alison Bechdel's comic Dykes to Watch Out For, in a 1985 strip called The Rule. For a nice video introduction to the subject please check out The Bechdel Test for Women in Movies on feministfrequency.com.
    27|       .medium-6.large-4.columns
  > 28|         (http://lorempixel.com/250/250/people/9)
    29| 
    30| 

The end of the string was reached with no closing bracket found.
    at Function.parseMax (/Users/joecarlson/Documents/Dev/JavaScript/beschel-test2/node_modules/character-parser/index.js:26:13)
    at Object.Lexer.bracketExpression (/Users/joecarlson/Documents/Dev/JavaScript/beschel-test2/node_modules/jade/lib/lexer.js:129:33)
    at Object.Lexer.attrs (/Users/joecarlson/Documents/Dev/JavaScript/beschel-test2/node_modules/jade/lib/lexer.js:610:24)
    at Object.Lexer.next (/Users/joecarlson/Documents/Dev/JavaScript/beschel-test2/node_modules/jade/lib/lexer.js:939:15)
    at Object.Lexer.lookahead (/Users/joecarlson/Documents/Dev/JavaScript/beschel-test2/node_modules/jade/lib/lexer.js:113:46)
    at Parser.lookahead (/Users/joecarlson/Documents/Dev/JavaScript/beschel-test2/node_modules/jade/lib/parser.js:102:23)
    at Parser.peek (/Users/joecarlson/Documents/Dev/JavaScript/beschel-test2/node_modules/jade/lib/parser.js:79:17)
    at Parser.block (/Users/joecarlson/Documents/Dev/JavaScript/beschel-test2/node_modules/jade/lib/parser.js:725:30)
    at Parser.tag (/Users/joecarlson/Documents/Dev/JavaScript/beschel-test2/node_modules/jade/lib/parser.js:838:24)
    at Parser.parseTag (/Users/joecarlson/Documents/Dev/JavaScript/beschel-test2/node_modules/jade/lib/parser.js:759:17)"
00:13:45.567,"GET /: SyntaxError: /Users/joecarlson/Documents/Dev/JavaScript/beschel-test2/server/views/layout.jade:5
    3| html
    4|   head
  > 5|     title= Beschel Tester
    6|     meta(charset='utf-8')
    7|     meta(name='viewport', content='width=device-width, initial-scale=1.0')
    8|     meta(name='description', content='Bechdel Tester accepts a movie script and analzes whether or not it passes the Bechdel Test, as well as analyzing several other feminist components to a film. ')

Unexpected identifier
    at Function (native)
    at assertExpression (/Users/joecarlson/Documents/Dev/JavaScript/beschel-test2/node_modules/jade/lib/lexer.js:30:3)
    at Object.Lexer.code (/Users/joecarlson/Documents/Dev/JavaScript/beschel-test2/node_modules/jade/lib/lexer.js:584:23)
    at Object.Lexer.next (/Users/joecarlson/Documents/Dev/JavaScript/beschel-test2/node_modules/jade/lib/lexer.js:936:15)
    at Object.Lexer.lookahead (/Users/joecarlson/Documents/Dev/JavaScript/beschel-test2/node_modules/jade/lib/lexer.js:113:46)
    at Parser.lookahead (/Users/joecarlson/Documents/Dev/JavaScript/beschel-test2/node_modules/jade/lib/parser.js:102:23)
    at Parser.peek (/Users/joecarlson/Documents/Dev/JavaScript/beschel-test2/node_modules/jade/lib/parser.js:79:17)
    at Parser.tag (/Users/joecarlson/Documents/Dev/JavaScript/beschel-test2/node_modules/jade/lib/parser.js:773:22)
    at Parser.parseTag (/Users/joecarlson/Documents/Dev/JavaScript/beschel-test2/node_modules/jade/lib/parser.js:759:17)
    at Parser.parseExpr (/Users/joecarlson/Documents/Dev/JavaScript/beschel-test2/node_modules/jade/lib/parser.js:211:21)"
00:47:22.395,"GET /about: Error: Failed to lookup view ""inner"" in views directory ""/Users/joecarlson/Documents/Dev/JavaScript/beschel-test2/server/views""
    at EventEmitter.render (/Users/joecarlson/Documents/Dev/JavaScript/beschel-test2/node_modules/express/lib/application.js:579:17)
    at ServerResponse.render (/Users/joecarlson/Documents/Dev/JavaScript/beschel-test2/node_modules/express/lib/response.js:961:7)
    at Object.app.use.mds.middleware.handler (/Users/joecarlson/Documents/Dev/JavaScript/beschel-test2/server.js:72:9)
    at /Users/joecarlson/Documents/Dev/JavaScript/beschel-test2/node_modules/markdown-serve/lib/server.js:204:36
    at /Users/joecarlson/Documents/Dev/JavaScript/beschel-test2/node_modules/markdown-serve/lib/parser.js:92:20
    at tryToString (fs.js:414:3)
    at FSReqWrap.readFileAfterClose [as oncomplete] (fs.js:401:12)"
00:49:24.496,"GET /about: Error: Failed to lookup view ""inner"" in views directory ""/Users/joecarlson/Documents/Dev/JavaScript/beschel-test2/server/views""
    at EventEmitter.render (/Users/joecarlson/Documents/Dev/JavaScript/beschel-test2/node_modules/express/lib/application.js:579:17)
    at ServerResponse.render (/Users/joecarlson/Documents/Dev/JavaScript/beschel-test2/node_modules/express/lib/response.js:961:7)
    at Object.app.use.mds.middleware.handler (/Users/joecarlson/Documents/Dev/JavaScript/beschel-test2/server.js:72:9)
    at /Users/joecarlson/Documents/Dev/JavaScript/beschel-test2/node_modules/markdown-serve/lib/server.js:204:36
    at /Users/joecarlson/Documents/Dev/JavaScript/beschel-test2/node_modules/markdown-serve/lib/parser.js:92:20
    at tryToString (fs.js:414:3)
    at FSReqWrap.readFileAfterClose [as oncomplete] (fs.js:401:12)"
00:50:45.719,"GET /about: Error: Failed to lookup view ""inner"" in views directory ""/Users/joecarlson/Documents/Dev/JavaScript/beschel-test2/server/views""
    at EventEmitter.render (/Users/joecarlson/Documents/Dev/JavaScript/beschel-test2/node_modules/express/lib/application.js:579:17)
    at ServerResponse.render (/Users/joecarlson/Documents/Dev/JavaScript/beschel-test2/node_modules/express/lib/response.js:961:7)
    at Object.app.use.mds.middleware.handler (/Users/joecarlson/Documents/Dev/JavaScript/beschel-test2/server.js:72:9)
    at /Users/joecarlson/Documents/Dev/JavaScript/beschel-test2/node_modules/markdown-serve/lib/server.js:204:36
    at /Users/joecarlson/Documents/Dev/JavaScript/beschel-test2/node_modules/markdown-serve/lib/parser.js:92:20
    at tryToString (fs.js:414:3)
    at FSReqWrap.readFileAfterClose [as oncomplete] (fs.js:401:12)"
00:51:52.634,"GET /about: Error: Failed to lookup view ""inner"" in views directory ""/Users/joecarlson/Documents/Dev/JavaScript/beschel-test2/server/views""
    at EventEmitter.render (/Users/joecarlson/Documents/Dev/JavaScript/beschel-test2/node_modules/express/lib/application.js:579:17)
    at ServerResponse.render (/Users/joecarlson/Documents/Dev/JavaScript/beschel-test2/node_modules/express/lib/response.js:961:7)
    at Object.app.use.mds.middleware.handler (/Users/joecarlson/Documents/Dev/JavaScript/beschel-test2/server.js:72:9)
    at /Users/joecarlson/Documents/Dev/JavaScript/beschel-test2/node_modules/markdown-serve/lib/server.js:204:36
    at /Users/joecarlson/Documents/Dev/JavaScript/beschel-test2/node_modules/markdown-serve/lib/parser.js:92:20
    at tryToString (fs.js:414:3)
    at FSReqWrap.readFileAfterClose [as oncomplete] (fs.js:401:12)"
00:51:55.287,"GET /about: Error: Failed to lookup view ""inner"" in views directory ""/Users/joecarlson/Documents/Dev/JavaScript/beschel-test2/server/views""
    at EventEmitter.render (/Users/joecarlson/Documents/Dev/JavaScript/beschel-test2/node_modules/express/lib/application.js:579:17)
    at ServerResponse.render (/Users/joecarlson/Documents/Dev/JavaScript/beschel-test2/node_modules/express/lib/response.js:961:7)
    at Object.app.use.mds.middleware.handler (/Users/joecarlson/Documents/Dev/JavaScript/beschel-test2/server.js:72:9)
    at /Users/joecarlson/Documents/Dev/JavaScript/beschel-test2/node_modules/markdown-serve/lib/server.js:204:36
    at /Users/joecarlson/Documents/Dev/JavaScript/beschel-test2/node_modules/markdown-serve/lib/parser.js:92:20
    at tryToString (fs.js:414:3)
    at FSReqWrap.readFileAfterClose [as oncomplete] (fs.js:401:12)"
00:52:13.551,"GET /about: Error: Failed to lookup view ""inner"" in views directory ""/Users/joecarlson/Documents/Dev/JavaScript/beschel-test2/server/views""
    at EventEmitter.render (/Users/joecarlson/Documents/Dev/JavaScript/beschel-test2/node_modules/express/lib/application.js:579:17)
    at ServerResponse.render (/Users/joecarlson/Documents/Dev/JavaScript/beschel-test2/node_modules/express/lib/response.js:961:7)
    at Object.app.use.mds.middleware.handler (/Users/joecarlson/Documents/Dev/JavaScript/beschel-test2/server.js:72:9)
    at /Users/joecarlson/Documents/Dev/JavaScript/beschel-test2/node_modules/markdown-serve/lib/server.js:204:36
    at /Users/joecarlson/Documents/Dev/JavaScript/beschel-test2/node_modules/markdown-serve/lib/parser.js:92:20
    at tryToString (fs.js:414:3)
    at FSReqWrap.readFileAfterClose [as oncomplete] (fs.js:401:12)"
00:52:15.828,"GET /about: Error: Failed to lookup view ""inner"" in views directory ""/Users/joecarlson/Documents/Dev/JavaScript/beschel-test2/server/views""
    at EventEmitter.render (/Users/joecarlson/Documents/Dev/JavaScript/beschel-test2/node_modules/express/lib/application.js:579:17)
    at ServerResponse.render (/Users/joecarlson/Documents/Dev/JavaScript/beschel-test2/node_modules/express/lib/response.js:961:7)
    at Object.app.use.mds.middleware.handler (/Users/joecarlson/Documents/Dev/JavaScript/beschel-test2/server.js:72:9)
    at /Users/joecarlson/Documents/Dev/JavaScript/beschel-test2/node_modules/markdown-serve/lib/server.js:204:36
    at /Users/joecarlson/Documents/Dev/JavaScript/beschel-test2/node_modules/markdown-serve/lib/parser.js:92:20
    at tryToString (fs.js:414:3)
    at FSReqWrap.readFileAfterClose [as oncomplete] (fs.js:401:12)"
00:52:55.159,"GET /about: Error: Failed to lookup view ""inner"" in views directory ""/Users/joecarlson/Documents/Dev/JavaScript/beschel-test2/server/views""
    at EventEmitter.render (/Users/joecarlson/Documents/Dev/JavaScript/beschel-test2/node_modules/express/lib/application.js:579:17)
    at ServerResponse.render (/Users/joecarlson/Documents/Dev/JavaScript/beschel-test2/node_modules/express/lib/response.js:961:7)
    at Object.app.use.mds.middleware.handler (/Users/joecarlson/Documents/Dev/JavaScript/beschel-test2/server.js:72:9)
    at /Users/joecarlson/Documents/Dev/JavaScript/beschel-test2/node_modules/markdown-serve/lib/server.js:204:36
    at /Users/joecarlson/Documents/Dev/JavaScript/beschel-test2/node_modules/markdown-serve/lib/parser.js:92:20
    at tryToString (fs.js:414:3)
    at FSReqWrap.readFileAfterClose [as oncomplete] (fs.js:401:12)"
00:53:11.172,"GET /about: Error: Failed to lookup view ""inner"" in views directory ""/Users/joecarlson/Documents/Dev/JavaScript/beschel-test2/server/views""
    at EventEmitter.render (/Users/joecarlson/Documents/Dev/JavaScript/beschel-test2/node_modules/express/lib/application.js:579:17)
    at ServerResponse.render (/Users/joecarlson/Documents/Dev/JavaScript/beschel-test2/node_modules/express/lib/response.js:961:7)
    at Object.app.use.mds.middleware.handler (/Users/joecarlson/Documents/Dev/JavaScript/beschel-test2/server.js:72:9)
    at /Users/joecarlson/Documents/Dev/JavaScript/beschel-test2/node_modules/markdown-serve/lib/server.js:204:36
    at /Users/joecarlson/Documents/Dev/JavaScript/beschel-test2/node_modules/markdown-serve/lib/parser.js:92:20
    at tryToString (fs.js:414:3)
    at FSReqWrap.readFileAfterClose [as oncomplete] (fs.js:401:12)"
00:53:28.506,"GET /about: Error: Failed to lookup view ""inner"" in views directory ""/Users/joecarlson/Documents/Dev/JavaScript/beschel-test2/server/views""
    at EventEmitter.render (/Users/joecarlson/Documents/Dev/JavaScript/beschel-test2/node_modules/express/lib/application.js:579:17)
    at ServerResponse.render (/Users/joecarlson/Documents/Dev/JavaScript/beschel-test2/node_modules/express/lib/response.js:961:7)
    at Object.app.use.mds.middleware.handler (/Users/joecarlson/Documents/Dev/JavaScript/beschel-test2/server.js:72:9)
    at /Users/joecarlson/Documents/Dev/JavaScript/beschel-test2/node_modules/markdown-serve/lib/server.js:204:36
    at /Users/joecarlson/Documents/Dev/JavaScript/beschel-test2/node_modules/markdown-serve/lib/parser.js:92:20
    at tryToString (fs.js:414:3)
    at FSReqWrap.readFileAfterClose [as oncomplete] (fs.js:401:12)"
00:53:57.748,"GET /about: Error: Failed to lookup view ""inner"" in views directory ""/Users/joecarlson/Documents/Dev/JavaScript/beschel-test2/server/views""
    at EventEmitter.render (/Users/joecarlson/Documents/Dev/JavaScript/beschel-test2/node_modules/express/lib/application.js:579:17)
    at ServerResponse.render (/Users/joecarlson/Documents/Dev/JavaScript/beschel-test2/node_modules/express/lib/response.js:961:7)
    at Object.app.use.mds.middleware.handler (/Users/joecarlson/Documents/Dev/JavaScript/beschel-test2/server.js:72:9)
    at /Users/joecarlson/Documents/Dev/JavaScript/beschel-test2/node_modules/markdown-serve/lib/server.js:204:36
    at /Users/joecarlson/Documents/Dev/JavaScript/beschel-test2/node_modules/markdown-serve/lib/parser.js:92:20
    at tryToString (fs.js:414:3)
    at FSReqWrap.readFileAfterClose [as oncomplete] (fs.js:401:12)"
00:54:07.548,"GET /about: Error: Failed to lookup view ""inner"" in views directory ""/Users/joecarlson/Documents/Dev/JavaScript/beschel-test2/server/views""
    at EventEmitter.render (/Users/joecarlson/Documents/Dev/JavaScript/beschel-test2/node_modules/express/lib/application.js:579:17)
    at ServerResponse.render (/Users/joecarlson/Documents/Dev/JavaScript/beschel-test2/node_modules/express/lib/response.js:961:7)
    at Object.app.use.mds.middleware.handler (/Users/joecarlson/Documents/Dev/JavaScript/beschel-test2/server.js:72:9)
    at /Users/joecarlson/Documents/Dev/JavaScript/beschel-test2/node_modules/markdown-serve/lib/server.js:204:36
    at /Users/joecarlson/Documents/Dev/JavaScript/beschel-test2/node_modules/markdown-serve/lib/parser.js:92:20
    at tryToString (fs.js:414:3)
    at FSReqWrap.readFileAfterClose [as oncomplete] (fs.js:401:12)"
00:54:16.622,"GET /about: Error: Failed to lookup view ""inner"" in views directory ""/Users/joecarlson/Documents/Dev/JavaScript/beschel-test2/server/views""
    at EventEmitter.render (/Users/joecarlson/Documents/Dev/JavaScript/beschel-test2/node_modules/express/lib/application.js:579:17)
    at ServerResponse.render (/Users/joecarlson/Documents/Dev/JavaScript/beschel-test2/node_modules/express/lib/response.js:961:7)
    at Object.app.use.mds.middleware.handler (/Users/joecarlson/Documents/Dev/JavaScript/beschel-test2/server.js:72:9)
    at /Users/joecarlson/Documents/Dev/JavaScript/beschel-test2/node_modules/markdown-serve/lib/server.js:204:36
    at /Users/joecarlson/Documents/Dev/JavaScript/beschel-test2/node_modules/markdown-serve/lib/parser.js:92:20
    at tryToString (fs.js:414:3)
    at FSReqWrap.readFileAfterClose [as oncomplete] (fs.js:401:12)"
00:54:30.223,"GET /about: Error: Failed to lookup view ""inner"" in views directory ""/Users/joecarlson/Documents/Dev/JavaScript/beschel-test2/server/views""
    at EventEmitter.render (/Users/joecarlson/Documents/Dev/JavaScript/beschel-test2/node_modules/express/lib/application.js:579:17)
    at ServerResponse.render (/Users/joecarlson/Documents/Dev/JavaScript/beschel-test2/node_modules/express/lib/response.js:961:7)
    at Object.app.use.mds.middleware.handler (/Users/joecarlson/Documents/Dev/JavaScript/beschel-test2/server.js:72:9)
    at /Users/joecarlson/Documents/Dev/JavaScript/beschel-test2/node_modules/markdown-serve/lib/server.js:204:36
    at /Users/joecarlson/Documents/Dev/JavaScript/beschel-test2/node_modules/markdown-serve/lib/parser.js:92:20
    at tryToString (fs.js:414:3)
    at FSReqWrap.readFileAfterClose [as oncomplete] (fs.js:401:12)"
23:34:37.109,"GET /: Error: /Users/joecarlson/Documents/Dev/JavaScript/beschel-test/server/views/index.jade:3
    1| extends layout
    2| 
  > 3|   block content
    4| 
    5|     .row.small-up-2.medium-up-3.large-up-4
    6|       .column

unexpected token ""indent""
    at Parser.parseExpr (/Users/joecarlson/Documents/Dev/JavaScript/beschel-test/node_modules/jade/lib/parser.js:254:15)
    at Parser.parse (/Users/joecarlson/Documents/Dev/JavaScript/beschel-test/node_modules/jade/lib/parser.js:122:25)
    at parse (/Users/joecarlson/Documents/Dev/JavaScript/beschel-test/node_modules/jade/lib/index.js:104:21)
    at Object.exports.compile (/Users/joecarlson/Documents/Dev/JavaScript/beschel-test/node_modules/jade/lib/index.js:205:16)
    at handleTemplateCache (/Users/joecarlson/Documents/Dev/JavaScript/beschel-test/node_modules/jade/lib/index.js:174:25)
    at Object.exports.renderFile (/Users/joecarlson/Documents/Dev/JavaScript/beschel-test/node_modules/jade/lib/index.js:380:10)
    at Object.exports.renderFile (/Users/joecarlson/Documents/Dev/JavaScript/beschel-test/node_modules/jade/lib/index.js:370:21)
    at View.exports.__express [as engine] (/Users/joecarlson/Documents/Dev/JavaScript/beschel-test/node_modules/jade/lib/index.js:417:11)
    at View.render (/Users/joecarlson/Documents/Dev/JavaScript/beschel-test/node_modules/express/lib/view.js:126:8)
    at tryRender (/Users/joecarlson/Documents/Dev/JavaScript/beschel-test/node_modules/express/lib/application.js:639:10)"
