05:40:06.360,"GET /film: Error: /Users/joecarlson/Documents/Dev/beschel-test/server/views/film.jade:33
    31|       iframe(src=""https://www.youtube.com/embed/MItGoIxoVGk"", frameborder=""0"", allowfullscreen="""")
    32|       p
  > 33|         |
    34| 
    35| 
    36|   .row

unexpected text |


 
    at Object.Lexer.fail (/Users/joecarlson/Documents/Dev/beschel-test/node_modules/jade/lib/lexer.js:887:11)
    at Object.Lexer.next (/Users/joecarlson/Documents/Dev/beschel-test/node_modules/jade/lib/lexer.js:947:15)
    at Object.Lexer.lookahead (/Users/joecarlson/Documents/Dev/beschel-test/node_modules/jade/lib/lexer.js:113:46)
    at Parser.lookahead (/Users/joecarlson/Documents/Dev/beschel-test/node_modules/jade/lib/parser.js:102:23)
    at Parser.peek (/Users/joecarlson/Documents/Dev/beschel-test/node_modules/jade/lib/parser.js:79:17)
    at Parser.block (/Users/joecarlson/Documents/Dev/beschel-test/node_modules/jade/lib/parser.js:725:30)
    at Parser.tag (/Users/joecarlson/Documents/Dev/beschel-test/node_modules/jade/lib/parser.js:838:24)
    at Parser.parseTag (/Users/joecarlson/Documents/Dev/beschel-test/node_modules/jade/lib/parser.js:759:17)
    at Parser.parseExpr (/Users/joecarlson/Documents/Dev/beschel-test/node_modules/jade/lib/parser.js:211:21)
    at Parser.block (/Users/joecarlson/Documents/Dev/beschel-test/node_modules/jade/lib/parser.js:729:25)"
06:26:21.949,"GET /: Error: /Users/joecarlson/Documents/Dev/beschel-test/server/views/layout.jade:58
    56|         ul.right
    57|           li.active
  > 58|             a(href='/')dashboard
    59|           li.has-dropdown
    60|             a(href='/about')films
    61|             ul.dropdown

Unexpected token `tag` expected `text`, `code`, `:`, `newline` or `eos`
    at Parser.tag (/Users/joecarlson/Documents/Dev/beschel-test/node_modules/jade/lib/parser.js:828:15)
    at Parser.parseTag (/Users/joecarlson/Documents/Dev/beschel-test/node_modules/jade/lib/parser.js:759:17)
    at Parser.parseExpr (/Users/joecarlson/Documents/Dev/beschel-test/node_modules/jade/lib/parser.js:211:21)
    at Parser.block (/Users/joecarlson/Documents/Dev/beschel-test/node_modules/jade/lib/parser.js:729:25)
    at Parser.tag (/Users/joecarlson/Documents/Dev/beschel-test/node_modules/jade/lib/parser.js:838:24)
    at Parser.parseTag (/Users/joecarlson/Documents/Dev/beschel-test/node_modules/jade/lib/parser.js:759:17)
    at Parser.parseExpr (/Users/joecarlson/Documents/Dev/beschel-test/node_modules/jade/lib/parser.js:211:21)
    at Parser.block (/Users/joecarlson/Documents/Dev/beschel-test/node_modules/jade/lib/parser.js:729:25)
    at Parser.tag (/Users/joecarlson/Documents/Dev/beschel-test/node_modules/jade/lib/parser.js:838:24)
    at Parser.parseTag (/Users/joecarlson/Documents/Dev/beschel-test/node_modules/jade/lib/parser.js:759:17)"
06:26:23.648,"GET /: Error: /Users/joecarlson/Documents/Dev/beschel-test/server/views/layout.jade:58
    56|         ul.right
    57|           li.active
  > 58|             a(href='/')dashboard
    59|           li.has-dropdown
    60|             a(href='/about')films
    61|             ul.dropdown

Unexpected token `tag` expected `text`, `code`, `:`, `newline` or `eos`
    at Parser.tag (/Users/joecarlson/Documents/Dev/beschel-test/node_modules/jade/lib/parser.js:828:15)
    at Parser.parseTag (/Users/joecarlson/Documents/Dev/beschel-test/node_modules/jade/lib/parser.js:759:17)
    at Parser.parseExpr (/Users/joecarlson/Documents/Dev/beschel-test/node_modules/jade/lib/parser.js:211:21)
    at Parser.block (/Users/joecarlson/Documents/Dev/beschel-test/node_modules/jade/lib/parser.js:729:25)
    at Parser.tag (/Users/joecarlson/Documents/Dev/beschel-test/node_modules/jade/lib/parser.js:838:24)
    at Parser.parseTag (/Users/joecarlson/Documents/Dev/beschel-test/node_modules/jade/lib/parser.js:759:17)
    at Parser.parseExpr (/Users/joecarlson/Documents/Dev/beschel-test/node_modules/jade/lib/parser.js:211:21)
    at Parser.block (/Users/joecarlson/Documents/Dev/beschel-test/node_modules/jade/lib/parser.js:729:25)
    at Parser.tag (/Users/joecarlson/Documents/Dev/beschel-test/node_modules/jade/lib/parser.js:838:24)
    at Parser.parseTag (/Users/joecarlson/Documents/Dev/beschel-test/node_modules/jade/lib/parser.js:759:17)"
19:59:49.697,"GET /wild: Error: Failed to lookup view ""film"" in views directory ""/Users/joecarlson/Documents/Dev/beschel-test/server/views""
    at EventEmitter.render (/Users/joecarlson/Documents/Dev/beschel-test/node_modules/express/lib/application.js:579:17)
    at ServerResponse.render (/Users/joecarlson/Documents/Dev/beschel-test/node_modules/express/lib/response.js:961:7)
    at /Users/joecarlson/Documents/Dev/beschel-test/routes/wild.js:6:7
    at Layer.handle [as handle_request] (/Users/joecarlson/Documents/Dev/beschel-test/node_modules/express/lib/router/layer.js:95:5)
    at next (/Users/joecarlson/Documents/Dev/beschel-test/node_modules/express/lib/router/route.js:131:13)
    at Route.dispatch (/Users/joecarlson/Documents/Dev/beschel-test/node_modules/express/lib/router/route.js:112:3)
    at Layer.handle [as handle_request] (/Users/joecarlson/Documents/Dev/beschel-test/node_modules/express/lib/router/layer.js:95:5)
    at /Users/joecarlson/Documents/Dev/beschel-test/node_modules/express/lib/router/index.js:277:22
    at Function.process_params (/Users/joecarlson/Documents/Dev/beschel-test/node_modules/express/lib/router/index.js:330:12)
    at next (/Users/joecarlson/Documents/Dev/beschel-test/node_modules/express/lib/router/index.js:271:10)"
20:00:56.053,"GET /theoryOfEverything: Error: Failed to lookup view ""theoryOfEverything"" in views directory ""/Users/joecarlson/Documents/Dev/beschel-test/server/views""
    at EventEmitter.render (/Users/joecarlson/Documents/Dev/beschel-test/node_modules/express/lib/application.js:579:17)
    at ServerResponse.render (/Users/joecarlson/Documents/Dev/beschel-test/node_modules/express/lib/response.js:961:7)
    at /Users/joecarlson/Documents/Dev/beschel-test/routes/theory-of-everything.js:6:7
    at Layer.handle [as handle_request] (/Users/joecarlson/Documents/Dev/beschel-test/node_modules/express/lib/router/layer.js:95:5)
    at next (/Users/joecarlson/Documents/Dev/beschel-test/node_modules/express/lib/router/route.js:131:13)
    at Route.dispatch (/Users/joecarlson/Documents/Dev/beschel-test/node_modules/express/lib/router/route.js:112:3)
    at Layer.handle [as handle_request] (/Users/joecarlson/Documents/Dev/beschel-test/node_modules/express/lib/router/layer.js:95:5)
    at /Users/joecarlson/Documents/Dev/beschel-test/node_modules/express/lib/router/index.js:277:22
    at Function.process_params (/Users/joecarlson/Documents/Dev/beschel-test/node_modules/express/lib/router/index.js:330:12)
    at next (/Users/joecarlson/Documents/Dev/beschel-test/node_modules/express/lib/router/index.js:271:10)"
20:14:24.272,"GET /theoryOfEverything: Error: Failed to lookup view ""theoryOfEverything"" in views directory ""/Users/joecarlson/Documents/Dev/beschel-test/server/views""
    at EventEmitter.render (/Users/joecarlson/Documents/Dev/beschel-test/node_modules/express/lib/application.js:579:17)
    at ServerResponse.render (/Users/joecarlson/Documents/Dev/beschel-test/node_modules/express/lib/response.js:961:7)
    at /Users/joecarlson/Documents/Dev/beschel-test/routes/theory-of-everything.js:6:7
    at Layer.handle [as handle_request] (/Users/joecarlson/Documents/Dev/beschel-test/node_modules/express/lib/router/layer.js:95:5)
    at next (/Users/joecarlson/Documents/Dev/beschel-test/node_modules/express/lib/router/route.js:131:13)
    at Route.dispatch (/Users/joecarlson/Documents/Dev/beschel-test/node_modules/express/lib/router/route.js:112:3)
    at Layer.handle [as handle_request] (/Users/joecarlson/Documents/Dev/beschel-test/node_modules/express/lib/router/layer.js:95:5)
    at /Users/joecarlson/Documents/Dev/beschel-test/node_modules/express/lib/router/index.js:277:22
    at Function.process_params (/Users/joecarlson/Documents/Dev/beschel-test/node_modules/express/lib/router/index.js:330:12)
    at next (/Users/joecarlson/Documents/Dev/beschel-test/node_modules/express/lib/router/index.js:271:10)"
20:15:06.717,"GET /theoryOfEverything: Error: Failed to lookup view ""theoryOfEverything"" in views directory ""/Users/joecarlson/Documents/Dev/beschel-test/server/views""
    at EventEmitter.render (/Users/joecarlson/Documents/Dev/beschel-test/node_modules/express/lib/application.js:579:17)
    at ServerResponse.render (/Users/joecarlson/Documents/Dev/beschel-test/node_modules/express/lib/response.js:961:7)
    at /Users/joecarlson/Documents/Dev/beschel-test/routes/theory-of-everything.js:6:7
    at Layer.handle [as handle_request] (/Users/joecarlson/Documents/Dev/beschel-test/node_modules/express/lib/router/layer.js:95:5)
    at next (/Users/joecarlson/Documents/Dev/beschel-test/node_modules/express/lib/router/route.js:131:13)
    at Route.dispatch (/Users/joecarlson/Documents/Dev/beschel-test/node_modules/express/lib/router/route.js:112:3)
    at Layer.handle [as handle_request] (/Users/joecarlson/Documents/Dev/beschel-test/node_modules/express/lib/router/layer.js:95:5)
    at /Users/joecarlson/Documents/Dev/beschel-test/node_modules/express/lib/router/index.js:277:22
    at Function.process_params (/Users/joecarlson/Documents/Dev/beschel-test/node_modules/express/lib/router/index.js:330:12)
    at next (/Users/joecarlson/Documents/Dev/beschel-test/node_modules/express/lib/router/index.js:271:10)"
20:15:06.727,"GET /theoryOfEverything: Error: Failed to lookup view ""theoryOfEverything"" in views directory ""/Users/joecarlson/Documents/Dev/beschel-test/server/views""
    at EventEmitter.render (/Users/joecarlson/Documents/Dev/beschel-test/node_modules/express/lib/application.js:579:17)
    at ServerResponse.render (/Users/joecarlson/Documents/Dev/beschel-test/node_modules/express/lib/response.js:961:7)
    at /Users/joecarlson/Documents/Dev/beschel-test/routes/theory-of-everything.js:6:7
    at Layer.handle [as handle_request] (/Users/joecarlson/Documents/Dev/beschel-test/node_modules/express/lib/router/layer.js:95:5)
    at next (/Users/joecarlson/Documents/Dev/beschel-test/node_modules/express/lib/router/route.js:131:13)
    at Route.dispatch (/Users/joecarlson/Documents/Dev/beschel-test/node_modules/express/lib/router/route.js:112:3)
    at Layer.handle [as handle_request] (/Users/joecarlson/Documents/Dev/beschel-test/node_modules/express/lib/router/layer.js:95:5)
    at /Users/joecarlson/Documents/Dev/beschel-test/node_modules/express/lib/router/index.js:277:22
    at Function.process_params (/Users/joecarlson/Documents/Dev/beschel-test/node_modules/express/lib/router/index.js:330:12)
    at next (/Users/joecarlson/Documents/Dev/beschel-test/node_modules/express/lib/router/index.js:271:10)"
20:15:09.762,"GET /theoryOfEverything: Error: Failed to lookup view ""theoryOfEverything"" in views directory ""/Users/joecarlson/Documents/Dev/beschel-test/server/views""
    at EventEmitter.render (/Users/joecarlson/Documents/Dev/beschel-test/node_modules/express/lib/application.js:579:17)
    at ServerResponse.render (/Users/joecarlson/Documents/Dev/beschel-test/node_modules/express/lib/response.js:961:7)
    at /Users/joecarlson/Documents/Dev/beschel-test/routes/theory-of-everything.js:6:7
    at Layer.handle [as handle_request] (/Users/joecarlson/Documents/Dev/beschel-test/node_modules/express/lib/router/layer.js:95:5)
    at next (/Users/joecarlson/Documents/Dev/beschel-test/node_modules/express/lib/router/route.js:131:13)
    at Route.dispatch (/Users/joecarlson/Documents/Dev/beschel-test/node_modules/express/lib/router/route.js:112:3)
    at Layer.handle [as handle_request] (/Users/joecarlson/Documents/Dev/beschel-test/node_modules/express/lib/router/layer.js:95:5)
    at /Users/joecarlson/Documents/Dev/beschel-test/node_modules/express/lib/router/index.js:277:22
    at Function.process_params (/Users/joecarlson/Documents/Dev/beschel-test/node_modules/express/lib/router/index.js:330:12)
    at next (/Users/joecarlson/Documents/Dev/beschel-test/node_modules/express/lib/router/index.js:271:10)"
22:44:50.701,"GET /intothewoods: Error: Failed to lookup view ""INtoTheWoods"" in views directory ""/Users/joecarlson/Documents/Dev/beschel-test/server/views""
    at EventEmitter.render (/Users/joecarlson/Documents/Dev/beschel-test/node_modules/express/lib/application.js:579:17)
    at ServerResponse.render (/Users/joecarlson/Documents/Dev/beschel-test/node_modules/express/lib/response.js:961:7)
    at /Users/joecarlson/Documents/Dev/beschel-test/routes/into-the-woods.js:6:7
    at Layer.handle [as handle_request] (/Users/joecarlson/Documents/Dev/beschel-test/node_modules/express/lib/router/layer.js:95:5)
    at next (/Users/joecarlson/Documents/Dev/beschel-test/node_modules/express/lib/router/route.js:131:13)
    at Route.dispatch (/Users/joecarlson/Documents/Dev/beschel-test/node_modules/express/lib/router/route.js:112:3)
    at Layer.handle [as handle_request] (/Users/joecarlson/Documents/Dev/beschel-test/node_modules/express/lib/router/layer.js:95:5)
    at /Users/joecarlson/Documents/Dev/beschel-test/node_modules/express/lib/router/index.js:277:22
    at Function.process_params (/Users/joecarlson/Documents/Dev/beschel-test/node_modules/express/lib/router/index.js:330:12)
    at next (/Users/joecarlson/Documents/Dev/beschel-test/node_modules/express/lib/router/index.js:271:10)"
23:56:45.577,"GET /films: Error: Failed to lookup view ""film"" in views directory ""/Users/joecarlson/Documents/Dev/beschel-test/server/views""
    at EventEmitter.render (/Users/joecarlson/Documents/Dev/beschel-test/node_modules/express/lib/application.js:579:17)
    at ServerResponse.render (/Users/joecarlson/Documents/Dev/beschel-test/node_modules/express/lib/response.js:961:7)
    at /Users/joecarlson/Documents/Dev/beschel-test/routes/films.js:6:7
    at Layer.handle [as handle_request] (/Users/joecarlson/Documents/Dev/beschel-test/node_modules/express/lib/router/layer.js:95:5)
    at next (/Users/joecarlson/Documents/Dev/beschel-test/node_modules/express/lib/router/route.js:131:13)
    at Route.dispatch (/Users/joecarlson/Documents/Dev/beschel-test/node_modules/express/lib/router/route.js:112:3)
    at Layer.handle [as handle_request] (/Users/joecarlson/Documents/Dev/beschel-test/node_modules/express/lib/router/layer.js:95:5)
    at /Users/joecarlson/Documents/Dev/beschel-test/node_modules/express/lib/router/index.js:277:22
    at Function.process_params (/Users/joecarlson/Documents/Dev/beschel-test/node_modules/express/lib/router/index.js:330:12)
    at next (/Users/joecarlson/Documents/Dev/beschel-test/node_modules/express/lib/router/index.js:271:10)"
