04:58:48.287,"GET /: ReferenceError: fixtureData is not defined
    at /Users/joecarlson/Documents/Dev/JavaScript/beschel-test/routes/index.js:8:19
    at Layer.handle [as handle_request] (/Users/joecarlson/Documents/Dev/JavaScript/beschel-test/node_modules/express/lib/router/layer.js:95:5)
    at next (/Users/joecarlson/Documents/Dev/JavaScript/beschel-test/node_modules/express/lib/router/route.js:131:13)
    at Route.dispatch (/Users/joecarlson/Documents/Dev/JavaScript/beschel-test/node_modules/express/lib/router/route.js:112:3)
    at Layer.handle [as handle_request] (/Users/joecarlson/Documents/Dev/JavaScript/beschel-test/node_modules/express/lib/router/layer.js:95:5)
    at /Users/joecarlson/Documents/Dev/JavaScript/beschel-test/node_modules/express/lib/router/index.js:277:22
    at Function.process_params (/Users/joecarlson/Documents/Dev/JavaScript/beschel-test/node_modules/express/lib/router/index.js:330:12)
    at next (/Users/joecarlson/Documents/Dev/JavaScript/beschel-test/node_modules/express/lib/router/index.js:271:10)
    at Function.handle (/Users/joecarlson/Documents/Dev/JavaScript/beschel-test/node_modules/express/lib/router/index.js:176:3)
    at router (/Users/joecarlson/Documents/Dev/JavaScript/beschel-test/node_modules/express/lib/router/index.js:46:12)"
05:02:45.950,"GET /: TypeError: /Users/joecarlson/Documents/Dev/JavaScript/beschel-test/server/views/index.jade:39
    37|       p
    38|           The test was popularized by Alison Bechdel's comic Dykes to Watch Out For, in a 1985 strip called The Rule. For a nice video introduction to the subject please check out The Bechdel Test for Women in Movies on feministfrequency.com.
  > 39|       #{
    40|         barChartHelper.getBarChart({
    41|           data: fixtureData,
    42|           width: 400,

Cannot read property 'getBarChart' of undefined
    at eval (eval at <anonymous> (/Users/joecarlson/Documents/Dev/JavaScript/beschel-test/node_modules/jade/lib/index.js:218:8), <anonymous>:508:23)
    at eval (eval at <anonymous> (/Users/joecarlson/Documents/Dev/JavaScript/beschel-test/node_modules/jade/lib/index.js:218:8), <anonymous>:590:22)
    at res (/Users/joecarlson/Documents/Dev/JavaScript/beschel-test/node_modules/jade/lib/index.js:219:38)
    at Object.exports.renderFile (/Users/joecarlson/Documents/Dev/JavaScript/beschel-test/node_modules/jade/lib/index.js:380:38)
    at Object.exports.renderFile (/Users/joecarlson/Documents/Dev/JavaScript/beschel-test/node_modules/jade/lib/index.js:370:21)
    at View.exports.__express [as engine] (/Users/joecarlson/Documents/Dev/JavaScript/beschel-test/node_modules/jade/lib/index.js:417:11)
    at View.render (/Users/joecarlson/Documents/Dev/JavaScript/beschel-test/node_modules/express/lib/view.js:126:8)
    at tryRender (/Users/joecarlson/Documents/Dev/JavaScript/beschel-test/node_modules/express/lib/application.js:639:10)
    at EventEmitter.render (/Users/joecarlson/Documents/Dev/JavaScript/beschel-test/node_modules/express/lib/application.js:591:3)
    at ServerResponse.render (/Users/joecarlson/Documents/Dev/JavaScript/beschel-test/node_modules/express/lib/response.js:961:7)"
05:04:22.112,"GET /: Error: /Users/joecarlson/Documents/Dev/JavaScript/beschel-test/server/views/index.jade:49
    47|           containerId: 'bar-chart-small'
    48|         })
  > 49|       }
    50| 
    51| 
    52| 

unexpected text }




    at Object.Lexer.fail (/Users/joecarlson/Documents/Dev/JavaScript/beschel-test/node_modules/jade/lib/lexer.js:887:11)
    at Object.Lexer.next (/Users/joecarlson/Documents/Dev/JavaScript/beschel-test/node_modules/jade/lib/lexer.js:947:15)
    at Object.Lexer.lookahead (/Users/joecarlson/Documents/Dev/JavaScript/beschel-test/node_modules/jade/lib/lexer.js:113:46)
    at Parser.lookahead (/Users/joecarlson/Documents/Dev/JavaScript/beschel-test/node_modules/jade/lib/parser.js:102:23)
    at Parser.peek (/Users/joecarlson/Documents/Dev/JavaScript/beschel-test/node_modules/jade/lib/parser.js:79:17)
    at Parser.block (/Users/joecarlson/Documents/Dev/JavaScript/beschel-test/node_modules/jade/lib/parser.js:725:30)
    at Parser.tag (/Users/joecarlson/Documents/Dev/JavaScript/beschel-test/node_modules/jade/lib/parser.js:838:24)
    at Parser.parseTag (/Users/joecarlson/Documents/Dev/JavaScript/beschel-test/node_modules/jade/lib/parser.js:759:17)
    at Parser.parseExpr (/Users/joecarlson/Documents/Dev/JavaScript/beschel-test/node_modules/jade/lib/parser.js:211:21)
    at Parser.parseExpr (/Users/joecarlson/Documents/Dev/JavaScript/beschel-test/node_modules/jade/lib/parser.js:252:21)"
