22:30:17.672,"GET /: UnclosedNodeError: Problem while rendering template at line 0, character 0.
Original message: Found unclosed VashMarkup at template line 3, column 0

Context: 
     1 | <!DOCTYPE html>
     2 | 
  >  3 | <html class=""no-js"" lang=""en-au"">
     4 |     <head>
     5 |         <meta charset=""utf-8"" />
     6 |         <meta name=""viewport"" content=""width=device-width, initial-scale=1.0"" />
.
Context: 

     1 | @html.extend('layout', function(model) {
     2 | 
     3 |     @html.block('content', function(model) {
     4 | 
     5 |         @html.raw(model.content)
     6 | 
     7 |     })
     8 | 
     9 | })


    at Parser.checkStack (/Users/joecarlson/Documents/Dev/JavaScript/beschel-test2/node_modules/vash/lib/parser.js:155:17)
    at Object.exports.compile (/Users/joecarlson/Documents/Dev/JavaScript/beschel-test2/node_modules/vash/index.js:64:5)
    at Object.vash.loadFile (/Users/joecarlson/Documents/Dev/JavaScript/beschel-test2/node_modules/vash/lib/helpers/layout.js:66:14)
    at Helpers.helpers.extend (/Users/joecarlson/Documents/Dev/JavaScript/beschel-test2/node_modules/vash/lib/helpers/layout.js:188:8)
    at eval (eval at <anonymous> (/Users/joecarlson/Documents/Dev/JavaScript/beschel-test2/node_modules/vash/runtime.js:308:26), <anonymous>:10:33)
    at linked (/Users/joecarlson/Documents/Dev/JavaScript/beschel-test2/node_modules/vash/runtime.js:348:14)
    at /Users/joecarlson/Documents/Dev/JavaScript/beschel-test2/node_modules/vash/lib/helpers/layout.js:80:22
    at Object.vash.loadFile (/Users/joecarlson/Documents/Dev/JavaScript/beschel-test2/node_modules/vash/lib/helpers/layout.js:68:11)
    at View.vash.renderFile.vash.__express [as engine] (/Users/joecarlson/Documents/Dev/JavaScript/beschel-test2/node_modules/vash/lib/helpers/layout.js:76:8)
    at View.render (/Users/joecarlson/Documents/Dev/JavaScript/beschel-test2/node_modules/express/lib/view.js:126:8)"
23:53:25.125,"GET /: Error: Failed to lookup view ""markdown"" in views directory ""/Users/joecarlson/Documents/Dev/JavaScript/beschel-test2/server/views""
    at EventEmitter.render (/Users/joecarlson/Documents/Dev/JavaScript/beschel-test2/node_modules/express/lib/application.js:579:17)
    at ServerResponse.render (/Users/joecarlson/Documents/Dev/JavaScript/beschel-test2/node_modules/express/lib/response.js:961:7)
    at Object.app.use.mds.middleware.handler (/Users/joecarlson/Documents/Dev/JavaScript/beschel-test2/server.js:67:9)
    at /Users/joecarlson/Documents/Dev/JavaScript/beschel-test2/node_modules/markdown-serve/lib/server.js:204:36
    at /Users/joecarlson/Documents/Dev/JavaScript/beschel-test2/node_modules/markdown-serve/lib/parser.js:92:20
    at tryToString (fs.js:414:3)
    at FSReqWrap.readFileAfterClose [as oncomplete] (fs.js:401:12)"
23:53:49.329,"GET /: Error: Failed to lookup view ""markdown"" in views directory ""/Users/joecarlson/Documents/Dev/JavaScript/beschel-test2/server/views""
    at EventEmitter.render (/Users/joecarlson/Documents/Dev/JavaScript/beschel-test2/node_modules/express/lib/application.js:579:17)
    at ServerResponse.render (/Users/joecarlson/Documents/Dev/JavaScript/beschel-test2/node_modules/express/lib/response.js:961:7)
    at Object.app.use.mds.middleware.handler (/Users/joecarlson/Documents/Dev/JavaScript/beschel-test2/server.js:67:9)
    at /Users/joecarlson/Documents/Dev/JavaScript/beschel-test2/node_modules/markdown-serve/lib/server.js:204:36
    at /Users/joecarlson/Documents/Dev/JavaScript/beschel-test2/node_modules/markdown-serve/lib/parser.js:92:20
    at tryToString (fs.js:414:3)
    at FSReqWrap.readFileAfterClose [as oncomplete] (fs.js:401:12)"
