00:20:45.777,"GET /contact: Error: /Users/joecarlson/Documents/Dev/beschel-test/server/views/contact.jade:41
    39|                 a(href='http://www.callmejoe.net/')
    40|                   img(src='/img/joe.png')
  > 41|                   | Joe Karlsson

unexpected token ""pipeless-text""
    at Parser.parseExpr (/Users/joecarlson/Documents/Dev/beschel-test/node_modules/jade/lib/parser.js:254:15)
    at Parser.block (/Users/joecarlson/Documents/Dev/beschel-test/node_modules/jade/lib/parser.js:729:25)
    at Parser.tag (/Users/joecarlson/Documents/Dev/beschel-test/node_modules/jade/lib/parser.js:838:24)
    at Parser.parseTag (/Users/joecarlson/Documents/Dev/beschel-test/node_modules/jade/lib/parser.js:759:17)
    at Parser.parseExpr (/Users/joecarlson/Documents/Dev/beschel-test/node_modules/jade/lib/parser.js:211:21)
    at Parser.parseExpr (/Users/joecarlson/Documents/Dev/beschel-test/node_modules/jade/lib/parser.js:252:21)
    at Parser.block (/Users/joecarlson/Documents/Dev/beschel-test/node_modules/jade/lib/parser.js:729:25)
    at Parser.tag (/Users/joecarlson/Documents/Dev/beschel-test/node_modules/jade/lib/parser.js:838:24)
    at Parser.parseTag (/Users/joecarlson/Documents/Dev/beschel-test/node_modules/jade/lib/parser.js:759:17)
    at Parser.parseExpr (/Users/joecarlson/Documents/Dev/beschel-test/node_modules/jade/lib/parser.js:211:21)"
00:20:45.798,"GET /contact: Error: /Users/joecarlson/Documents/Dev/beschel-test/server/views/contact.jade:41
    39|                 a(href='http://www.callmejoe.net/')
    40|                   img(src='/img/joe.png')
  > 41|                   | Joe Karlsson

unexpected token ""pipeless-text""
    at Parser.parseExpr (/Users/joecarlson/Documents/Dev/beschel-test/node_modules/jade/lib/parser.js:254:15)
    at Parser.block (/Users/joecarlson/Documents/Dev/beschel-test/node_modules/jade/lib/parser.js:729:25)
    at Parser.tag (/Users/joecarlson/Documents/Dev/beschel-test/node_modules/jade/lib/parser.js:838:24)
    at Parser.parseTag (/Users/joecarlson/Documents/Dev/beschel-test/node_modules/jade/lib/parser.js:759:17)
    at Parser.parseExpr (/Users/joecarlson/Documents/Dev/beschel-test/node_modules/jade/lib/parser.js:211:21)
    at Parser.parseExpr (/Users/joecarlson/Documents/Dev/beschel-test/node_modules/jade/lib/parser.js:252:21)
    at Parser.block (/Users/joecarlson/Documents/Dev/beschel-test/node_modules/jade/lib/parser.js:729:25)
    at Parser.tag (/Users/joecarlson/Documents/Dev/beschel-test/node_modules/jade/lib/parser.js:838:24)
    at Parser.parseTag (/Users/joecarlson/Documents/Dev/beschel-test/node_modules/jade/lib/parser.js:759:17)
    at Parser.parseExpr (/Users/joecarlson/Documents/Dev/beschel-test/node_modules/jade/lib/parser.js:211:21)"
