{"level":"info","message":"Server started","timestamp":"2015-11-28T20:42:56.412Z"}
{"level":"info","message":"Server started","timestamp":"2015-11-28T20:47:50.926Z"}
{"level":"info","message":"Server started","timestamp":"2015-11-28T20:52:11.927Z"}
{"level":"info","message":"Server started","timestamp":"2015-11-28T20:56:09.075Z"}
{"level":"info","message":"Server started","timestamp":"2015-11-28T20:57:17.869Z"}
{"level":"info","message":"Server started","timestamp":"2015-11-28T20:58:20.131Z"}
{"level":"info","message":"Server started","timestamp":"2015-11-28T20:59:36.753Z"}
{"level":"info","message":"Server started","timestamp":"2015-11-28T21:00:49.492Z"}
{"level":"info","message":"Server started","timestamp":"2015-11-28T21:01:27.989Z"}
{"level":"info","message":"Server started","timestamp":"2015-11-28T21:02:25.034Z"}
{"level":"info","message":"Server started","timestamp":"2015-11-28T21:02:32.959Z"}
{"level":"info","message":"Server started","timestamp":"2015-11-28T21:07:51.757Z"}
{"level":"info","message":"Server started","timestamp":"2015-11-28T21:10:47.760Z"}
{"level":"info","message":"Server started","timestamp":"2015-11-28T21:11:18.024Z"}
{"level":"info","message":"Server started","timestamp":"2015-11-28T21:11:50.717Z"}
{"level":"info","message":"Server started","timestamp":"2015-11-28T21:11:57.124Z"}
{"level":"info","message":"Server started","timestamp":"2015-11-28T21:12:11.059Z"}
{"level":"info","message":"Server started","timestamp":"2015-11-28T21:13:12.403Z"}
{"level":"info","message":"Server started","timestamp":"2015-11-28T21:13:48.884Z"}
{"level":"info","message":"Server started","timestamp":"2015-11-28T21:14:47.082Z"}
{"level":"info","message":"Server started","timestamp":"2015-11-28T21:14:49.625Z"}
{"level":"info","message":"Server started","timestamp":"2015-11-28T21:15:39.156Z"}
{"level":"info","message":"Server started","timestamp":"2015-11-28T21:15:45.191Z"}
{"level":"info","message":"Server started","timestamp":"2015-11-28T21:17:25.632Z"}
{"level":"info","message":"Server started","timestamp":"2015-11-28T21:18:09.482Z"}
{"level":"info","message":"Server started","timestamp":"2015-11-28T21:24:14.431Z"}
{"level":"info","message":"Server started","timestamp":"2015-11-28T21:24:44.526Z"}
{"level":"info","message":"Server started","timestamp":"2015-11-28T21:26:41.342Z"}
{"level":"info","message":"Server started","timestamp":"2015-11-28T21:35:12.162Z"}
{"level":"info","message":"Server started","timestamp":"2015-11-28T21:36:58.918Z"}
{"level":"info","message":"Server started","timestamp":"2015-11-28T21:38:13.709Z"}
{"level":"info","message":"Server started","timestamp":"2015-11-28T21:38:35.230Z"}
{"level":"info","message":"Server started","timestamp":"2015-11-28T21:39:32.417Z"}
{"level":"info","message":"Server started","timestamp":"2015-11-28T21:39:36.453Z"}
{"level":"info","message":"Server started","timestamp":"2015-11-28T21:39:52.127Z"}
{"level":"info","message":"Server started","timestamp":"2015-11-28T21:40:02.939Z"}
{"level":"info","message":"Server started","timestamp":"2015-11-28T21:42:17.741Z"}
{"level":"info","message":"Server started","timestamp":"2015-11-28T21:43:38.933Z"}
{"level":"info","message":"Server started","timestamp":"2015-11-28T21:45:44.229Z"}
{"level":"info","message":"Server started","timestamp":"2015-11-28T21:46:04.242Z"}
{"level":"info","message":"Server started","timestamp":"2015-11-28T21:46:39.461Z"}
{"level":"info","message":"Server started","timestamp":"2015-11-28T21:46:41.856Z"}
{"level":"info","message":"Server started","timestamp":"2015-11-28T21:46:53.258Z"}
{"level":"info","message":"Server started","timestamp":"2015-11-28T21:47:13.679Z"}
{"level":"info","message":"Server started","timestamp":"2015-11-28T21:47:24.116Z"}
{"level":"info","message":"Server started","timestamp":"2015-11-28T21:47:26.745Z"}
{"level":"info","message":"Server started","timestamp":"2015-11-28T21:47:35.307Z"}
{"level":"info","message":"Server started","timestamp":"2015-11-28T21:47:40.586Z"}
{"level":"info","message":"Server started","timestamp":"2015-11-28T21:48:10.015Z"}
{"level":"info","message":"Server started","timestamp":"2015-11-28T21:48:23.334Z"}
{"level":"info","message":"Server started","timestamp":"2015-11-28T21:48:53.842Z"}
{"level":"info","message":"Server started","timestamp":"2015-11-28T21:49:38.813Z"}
{"level":"info","message":"Server started","timestamp":"2015-11-28T21:50:11.856Z"}
{"level":"info","message":"Server started","timestamp":"2015-11-28T21:51:08.425Z"}
{"level":"info","message":"Server started","timestamp":"2015-11-28T21:51:13.344Z"}
{"level":"info","message":"Server started","timestamp":"2015-11-28T21:59:26.416Z"}
{"level":"info","message":"Server started","timestamp":"2015-11-28T22:00:32.905Z"}
{"level":"info","message":"Server started","timestamp":"2015-11-28T22:01:04.511Z"}
{"level":"info","message":"Server started","timestamp":"2015-11-28T22:01:55.363Z"}
{"level":"info","message":"Server started","timestamp":"2015-11-28T22:03:13.801Z"}
{"level":"info","message":"Server started","timestamp":"2015-11-28T22:03:20.711Z"}
{"level":"info","message":"Server started","timestamp":"2015-11-28T22:03:24.002Z"}
{"level":"info","message":"Server started","timestamp":"2015-11-28T22:03:38.858Z"}
{"level":"info","message":"Server started","timestamp":"2015-11-28T22:04:03.955Z"}
{"level":"info","message":"Server started","timestamp":"2015-11-28T22:04:24.469Z"}
{"level":"info","message":"Server started","timestamp":"2015-11-28T22:04:51.962Z"}
{"level":"info","message":"Server started","timestamp":"2015-11-28T22:05:16.992Z"}
{"level":"info","message":"Server started","timestamp":"2015-11-28T22:05:26.373Z"}
{"level":"info","message":"Server started","timestamp":"2015-11-28T22:06:47.738Z"}
{"level":"info","message":"Server started","timestamp":"2015-11-28T22:06:53.417Z"}
{"level":"info","message":"Server started","timestamp":"2015-11-28T22:07:15.346Z"}
{"level":"info","message":"Server started","timestamp":"2015-11-28T22:07:19.331Z"}
{"level":"info","message":"Server started","timestamp":"2015-11-28T22:07:21.659Z"}
{"level":"info","message":"Server started","timestamp":"2015-11-28T22:08:38.554Z"}
{"level":"info","message":"Server started","timestamp":"2015-11-28T22:08:40.839Z"}
{"level":"info","message":"Server started","timestamp":"2015-11-28T22:09:01.734Z"}
{"level":"info","message":"Server started","timestamp":"2015-11-28T22:09:14.771Z"}
{"level":"info","message":"Server started","timestamp":"2015-11-28T22:10:05.217Z"}
{"level":"info","message":"Server started","timestamp":"2015-11-28T22:10:53.706Z"}
{"level":"info","message":"Server started","timestamp":"2015-11-28T22:11:19.519Z"}
{"level":"info","message":"Server started","timestamp":"2015-11-28T22:11:39.953Z"}
{"level":"info","message":"Server started","timestamp":"2015-11-28T22:11:41.599Z"}
{"level":"info","message":"Server started","timestamp":"2015-11-28T22:11:45.544Z"}
{"level":"info","message":"Server started","timestamp":"2015-11-28T22:12:49.553Z"}
{"level":"info","message":"Server started","timestamp":"2015-11-28T22:13:18.246Z"}
{"level":"info","message":"Server started","timestamp":"2015-11-28T22:13:23.979Z"}
{"level":"info","message":"Server started","timestamp":"2015-11-28T22:13:29.788Z"}
{"level":"info","message":"Server started","timestamp":"2015-11-28T22:14:11.554Z"}
{"level":"info","message":"Server started","timestamp":"2015-11-28T22:14:21.691Z"}
{"level":"info","message":"Server started","timestamp":"2015-11-28T22:14:50.495Z"}
{"level":"info","message":"Server started","timestamp":"2015-11-28T22:14:53.716Z"}
{"level":"info","message":"Server started","timestamp":"2015-11-28T22:25:50.595Z"}
{"level":"info","message":"Server started","timestamp":"2015-11-28T22:26:25.688Z"}
{"level":"info","message":"Server started","timestamp":"2015-11-28T22:27:13.688Z"}
{"level":"info","message":"Server started","timestamp":"2015-11-28T22:27:19.855Z"}
{"level":"info","message":"Server started","timestamp":"2015-11-28T22:27:29.576Z"}
{"level":"info","message":"Server started","timestamp":"2015-11-28T22:28:59.561Z"}
{"level":"info","message":"Server started","timestamp":"2015-11-28T22:30:13.717Z"}
{"level":"error","message":"GET /: UnclosedNodeError: Problem while rendering template at line 0, character 0.\nOriginal message: Found unclosed VashMarkup at template line 3, column 0\n\nContext: \n     1 | <!DOCTYPE html>\n     2 | \n  >  3 | <html class=\"no-js\" lang=\"en-au\">\n     4 |     <head>\n     5 |         <meta charset=\"utf-8\" />\n     6 |         <meta name=\"viewport\" content=\"width=device-width, initial-scale=1.0\" />\n.\nContext: \n\n     1 | @html.extend('layout', function(model) {\n     2 | \n     3 |     @html.block('content', function(model) {\n     4 | \n     5 |         @html.raw(model.content)\n     6 | \n     7 |     })\n     8 | \n     9 | })\n\n\n    at Parser.checkStack (/Users/joecarlson/Documents/Dev/JavaScript/beschel-test2/node_modules/vash/lib/parser.js:155:17)\n    at Object.exports.compile (/Users/joecarlson/Documents/Dev/JavaScript/beschel-test2/node_modules/vash/index.js:64:5)\n    at Object.vash.loadFile (/Users/joecarlson/Documents/Dev/JavaScript/beschel-test2/node_modules/vash/lib/helpers/layout.js:66:14)\n    at Helpers.helpers.extend (/Users/joecarlson/Documents/Dev/JavaScript/beschel-test2/node_modules/vash/lib/helpers/layout.js:188:8)\n    at eval (eval at <anonymous> (/Users/joecarlson/Documents/Dev/JavaScript/beschel-test2/node_modules/vash/runtime.js:308:26), <anonymous>:10:33)\n    at linked (/Users/joecarlson/Documents/Dev/JavaScript/beschel-test2/node_modules/vash/runtime.js:348:14)\n    at /Users/joecarlson/Documents/Dev/JavaScript/beschel-test2/node_modules/vash/lib/helpers/layout.js:80:22\n    at Object.vash.loadFile (/Users/joecarlson/Documents/Dev/JavaScript/beschel-test2/node_modules/vash/lib/helpers/layout.js:68:11)\n    at View.vash.renderFile.vash.__express [as engine] (/Users/joecarlson/Documents/Dev/JavaScript/beschel-test2/node_modules/vash/lib/helpers/layout.js:76:8)\n    at View.render (/Users/joecarlson/Documents/Dev/JavaScript/beschel-test2/node_modules/express/lib/view.js:126:8)","timestamp":"2015-11-28T22:30:17.672Z"}
{"level":"info","message":"Server started","timestamp":"2015-11-28T22:30:27.642Z"}
{"level":"info","message":"Server started","timestamp":"2015-11-28T23:29:24.418Z"}
{"level":"info","message":"Server started","timestamp":"2015-11-28T23:33:13.832Z"}
{"level":"info","message":"Server started","timestamp":"2015-11-28T23:34:54.389Z"}
{"level":"info","message":"Server started","timestamp":"2015-11-28T23:34:57.213Z"}
{"level":"info","message":"Server started","timestamp":"2015-11-28T23:43:55.245Z"}
{"level":"info","message":"Server started","timestamp":"2015-11-28T23:43:58.169Z"}
{"level":"info","message":"Server started","timestamp":"2015-11-28T23:53:23.112Z"}
{"level":"error","message":"GET /: Error: Failed to lookup view \"markdown\" in views directory \"/Users/joecarlson/Documents/Dev/JavaScript/beschel-test2/server/views\"\n    at EventEmitter.render (/Users/joecarlson/Documents/Dev/JavaScript/beschel-test2/node_modules/express/lib/application.js:579:17)\n    at ServerResponse.render (/Users/joecarlson/Documents/Dev/JavaScript/beschel-test2/node_modules/express/lib/response.js:961:7)\n    at Object.app.use.mds.middleware.handler (/Users/joecarlson/Documents/Dev/JavaScript/beschel-test2/server.js:67:9)\n    at /Users/joecarlson/Documents/Dev/JavaScript/beschel-test2/node_modules/markdown-serve/lib/server.js:204:36\n    at /Users/joecarlson/Documents/Dev/JavaScript/beschel-test2/node_modules/markdown-serve/lib/parser.js:92:20\n    at tryToString (fs.js:414:3)\n    at FSReqWrap.readFileAfterClose [as oncomplete] (fs.js:401:12)","timestamp":"2015-11-28T23:53:25.125Z"}
{"level":"error","message":"GET /: Error: Failed to lookup view \"markdown\" in views directory \"/Users/joecarlson/Documents/Dev/JavaScript/beschel-test2/server/views\"\n    at EventEmitter.render (/Users/joecarlson/Documents/Dev/JavaScript/beschel-test2/node_modules/express/lib/application.js:579:17)\n    at ServerResponse.render (/Users/joecarlson/Documents/Dev/JavaScript/beschel-test2/node_modules/express/lib/response.js:961:7)\n    at Object.app.use.mds.middleware.handler (/Users/joecarlson/Documents/Dev/JavaScript/beschel-test2/server.js:67:9)\n    at /Users/joecarlson/Documents/Dev/JavaScript/beschel-test2/node_modules/markdown-serve/lib/server.js:204:36\n    at /Users/joecarlson/Documents/Dev/JavaScript/beschel-test2/node_modules/markdown-serve/lib/parser.js:92:20\n    at tryToString (fs.js:414:3)\n    at FSReqWrap.readFileAfterClose [as oncomplete] (fs.js:401:12)","timestamp":"2015-11-28T23:53:49.329Z"}
{"level":"info","message":"Server started","timestamp":"2015-11-28T23:57:13.988Z"}
{"level":"info","message":"Server started","timestamp":"2015-11-28T23:59:19.184Z"}
{"level":"info","message":"Server started","timestamp":"2015-11-29T00:02:14.635Z"}
{"level":"info","message":"Server started","timestamp":"2015-11-29T00:03:26.029Z"}
{"level":"info","message":"Server started","timestamp":"2015-11-29T00:04:07.034Z"}
{"level":"info","message":"Server started","timestamp":"2015-11-29T00:04:15.810Z"}
{"level":"info","message":"Server started","timestamp":"2015-11-29T00:04:56.361Z"}
{"level":"info","message":"Server started","timestamp":"2015-11-29T00:05:51.554Z"}
{"level":"info","message":"Server started","timestamp":"2015-11-29T00:05:56.423Z"}
{"level":"info","message":"Server started","timestamp":"2015-11-29T00:06:25.382Z"}
{"level":"info","message":"Server started","timestamp":"2015-11-29T00:06:32.509Z"}
{"level":"info","message":"Server started","timestamp":"2015-11-29T00:07:07.244Z"}
{"level":"info","message":"Server started","timestamp":"2015-11-29T00:08:04.091Z"}
{"level":"info","message":"Server started","timestamp":"2015-11-29T00:08:38.870Z"}
{"level":"error","message":"GET /: Error: /Users/joecarlson/Documents/Dev/JavaScript/beschel-test2/server/views/index.jade:28\n    26|             The test was popularized by Alison Bechdel's comic Dykes to Watch Out For, in a 1985 strip called The Rule. For a nice video introduction to the subject please check out The Bechdel Test for Women in Movies on feministfrequency.com.\n    27|       .medium-6.large-4.columns\n  > 28|         (http://lorempixel.com/250/250/people/9)\n    29| \n    30| \n\nThe end of the string was reached with no closing bracket found.\n    at Function.parseMax (/Users/joecarlson/Documents/Dev/JavaScript/beschel-test2/node_modules/character-parser/index.js:26:13)\n    at Object.Lexer.bracketExpression (/Users/joecarlson/Documents/Dev/JavaScript/beschel-test2/node_modules/jade/lib/lexer.js:129:33)\n    at Object.Lexer.attrs (/Users/joecarlson/Documents/Dev/JavaScript/beschel-test2/node_modules/jade/lib/lexer.js:610:24)\n    at Object.Lexer.next (/Users/joecarlson/Documents/Dev/JavaScript/beschel-test2/node_modules/jade/lib/lexer.js:939:15)\n    at Object.Lexer.lookahead (/Users/joecarlson/Documents/Dev/JavaScript/beschel-test2/node_modules/jade/lib/lexer.js:113:46)\n    at Parser.lookahead (/Users/joecarlson/Documents/Dev/JavaScript/beschel-test2/node_modules/jade/lib/parser.js:102:23)\n    at Parser.peek (/Users/joecarlson/Documents/Dev/JavaScript/beschel-test2/node_modules/jade/lib/parser.js:79:17)\n    at Parser.block (/Users/joecarlson/Documents/Dev/JavaScript/beschel-test2/node_modules/jade/lib/parser.js:725:30)\n    at Parser.tag (/Users/joecarlson/Documents/Dev/JavaScript/beschel-test2/node_modules/jade/lib/parser.js:838:24)\n    at Parser.parseTag (/Users/joecarlson/Documents/Dev/JavaScript/beschel-test2/node_modules/jade/lib/parser.js:759:17)","timestamp":"2015-11-29T00:08:58.322Z"}
{"level":"info","message":"Server started","timestamp":"2015-11-29T00:09:11.693Z"}
{"level":"info","message":"Server started","timestamp":"2015-11-29T00:09:25.144Z"}
{"level":"info","message":"Server started","timestamp":"2015-11-29T00:09:52.112Z"}
{"level":"info","message":"Server started","timestamp":"2015-11-29T00:10:36.591Z"}
{"level":"info","message":"Server started","timestamp":"2015-11-29T00:10:44.231Z"}
{"level":"info","message":"Server started","timestamp":"2015-11-29T00:11:16.496Z"}
{"level":"info","message":"Server started","timestamp":"2015-11-29T00:11:40.313Z"}
{"level":"info","message":"Server started","timestamp":"2015-11-29T00:11:42.287Z"}
{"level":"info","message":"Server started","timestamp":"2015-11-29T00:12:01.481Z"}
{"level":"info","message":"Server started","timestamp":"2015-11-29T00:12:16.532Z"}
{"level":"info","message":"Server started","timestamp":"2015-11-29T00:13:05.340Z"}
{"level":"info","message":"Server started","timestamp":"2015-11-29T00:13:07.253Z"}
{"level":"info","message":"Server started","timestamp":"2015-11-29T00:13:14.487Z"}
{"level":"info","message":"Server started","timestamp":"2015-11-29T00:13:43.699Z"}
{"level":"info","message":"Server started","timestamp":"2015-11-29T00:13:44.558Z"}
{"level":"error","message":"GET /: SyntaxError: /Users/joecarlson/Documents/Dev/JavaScript/beschel-test2/server/views/layout.jade:5\n    3| html\n    4|   head\n  > 5|     title= Beschel Tester\n    6|     meta(charset='utf-8')\n    7|     meta(name='viewport', content='width=device-width, initial-scale=1.0')\n    8|     meta(name='description', content='Bechdel Tester accepts a movie script and analzes whether or not it passes the Bechdel Test, as well as analyzing several other feminist components to a film. ')\n\nUnexpected identifier\n    at Function (native)\n    at assertExpression (/Users/joecarlson/Documents/Dev/JavaScript/beschel-test2/node_modules/jade/lib/lexer.js:30:3)\n    at Object.Lexer.code (/Users/joecarlson/Documents/Dev/JavaScript/beschel-test2/node_modules/jade/lib/lexer.js:584:23)\n    at Object.Lexer.next (/Users/joecarlson/Documents/Dev/JavaScript/beschel-test2/node_modules/jade/lib/lexer.js:936:15)\n    at Object.Lexer.lookahead (/Users/joecarlson/Documents/Dev/JavaScript/beschel-test2/node_modules/jade/lib/lexer.js:113:46)\n    at Parser.lookahead (/Users/joecarlson/Documents/Dev/JavaScript/beschel-test2/node_modules/jade/lib/parser.js:102:23)\n    at Parser.peek (/Users/joecarlson/Documents/Dev/JavaScript/beschel-test2/node_modules/jade/lib/parser.js:79:17)\n    at Parser.tag (/Users/joecarlson/Documents/Dev/JavaScript/beschel-test2/node_modules/jade/lib/parser.js:773:22)\n    at Parser.parseTag (/Users/joecarlson/Documents/Dev/JavaScript/beschel-test2/node_modules/jade/lib/parser.js:759:17)\n    at Parser.parseExpr (/Users/joecarlson/Documents/Dev/JavaScript/beschel-test2/node_modules/jade/lib/parser.js:211:21)","timestamp":"2015-11-29T00:13:45.567Z"}
{"level":"info","message":"Server started","timestamp":"2015-11-29T00:13:54.569Z"}
{"level":"info","message":"Server started","timestamp":"2015-11-29T00:16:48.065Z"}
{"level":"info","message":"Server started","timestamp":"2015-11-29T00:17:32.344Z"}
{"level":"info","message":"Server started","timestamp":"2015-11-29T00:18:32.920Z"}
{"level":"info","message":"Server started","timestamp":"2015-11-29T00:18:42.570Z"}
{"level":"info","message":"Server started","timestamp":"2015-11-29T00:19:20.752Z"}
{"level":"info","message":"Server started","timestamp":"2015-11-29T00:47:21.382Z"}
{"level":"error","message":"GET /about: Error: Failed to lookup view \"inner\" in views directory \"/Users/joecarlson/Documents/Dev/JavaScript/beschel-test2/server/views\"\n    at EventEmitter.render (/Users/joecarlson/Documents/Dev/JavaScript/beschel-test2/node_modules/express/lib/application.js:579:17)\n    at ServerResponse.render (/Users/joecarlson/Documents/Dev/JavaScript/beschel-test2/node_modules/express/lib/response.js:961:7)\n    at Object.app.use.mds.middleware.handler (/Users/joecarlson/Documents/Dev/JavaScript/beschel-test2/server.js:72:9)\n    at /Users/joecarlson/Documents/Dev/JavaScript/beschel-test2/node_modules/markdown-serve/lib/server.js:204:36\n    at /Users/joecarlson/Documents/Dev/JavaScript/beschel-test2/node_modules/markdown-serve/lib/parser.js:92:20\n    at tryToString (fs.js:414:3)\n    at FSReqWrap.readFileAfterClose [as oncomplete] (fs.js:401:12)","timestamp":"2015-11-29T00:47:22.395Z"}
{"level":"info","message":"Server started","timestamp":"2015-11-29T00:47:50.641Z"}
{"level":"error","message":"GET /about: Error: Failed to lookup view \"inner\" in views directory \"/Users/joecarlson/Documents/Dev/JavaScript/beschel-test2/server/views\"\n    at EventEmitter.render (/Users/joecarlson/Documents/Dev/JavaScript/beschel-test2/node_modules/express/lib/application.js:579:17)\n    at ServerResponse.render (/Users/joecarlson/Documents/Dev/JavaScript/beschel-test2/node_modules/express/lib/response.js:961:7)\n    at Object.app.use.mds.middleware.handler (/Users/joecarlson/Documents/Dev/JavaScript/beschel-test2/server.js:72:9)\n    at /Users/joecarlson/Documents/Dev/JavaScript/beschel-test2/node_modules/markdown-serve/lib/server.js:204:36\n    at /Users/joecarlson/Documents/Dev/JavaScript/beschel-test2/node_modules/markdown-serve/lib/parser.js:92:20\n    at tryToString (fs.js:414:3)\n    at FSReqWrap.readFileAfterClose [as oncomplete] (fs.js:401:12)","timestamp":"2015-11-29T00:49:24.496Z"}
{"level":"info","message":"Server started","timestamp":"2015-11-29T00:49:30.488Z"}
{"level":"info","message":"Server started","timestamp":"2015-11-29T00:50:44.683Z"}
{"level":"error","message":"GET /about: Error: Failed to lookup view \"inner\" in views directory \"/Users/joecarlson/Documents/Dev/JavaScript/beschel-test2/server/views\"\n    at EventEmitter.render (/Users/joecarlson/Documents/Dev/JavaScript/beschel-test2/node_modules/express/lib/application.js:579:17)\n    at ServerResponse.render (/Users/joecarlson/Documents/Dev/JavaScript/beschel-test2/node_modules/express/lib/response.js:961:7)\n    at Object.app.use.mds.middleware.handler (/Users/joecarlson/Documents/Dev/JavaScript/beschel-test2/server.js:72:9)\n    at /Users/joecarlson/Documents/Dev/JavaScript/beschel-test2/node_modules/markdown-serve/lib/server.js:204:36\n    at /Users/joecarlson/Documents/Dev/JavaScript/beschel-test2/node_modules/markdown-serve/lib/parser.js:92:20\n    at tryToString (fs.js:414:3)\n    at FSReqWrap.readFileAfterClose [as oncomplete] (fs.js:401:12)","timestamp":"2015-11-29T00:50:45.719Z"}
{"level":"info","message":"Server started","timestamp":"2015-11-29T00:50:59.477Z"}
{"level":"info","message":"Server started","timestamp":"2015-11-29T00:51:18.591Z"}
{"level":"error","message":"GET /about: Error: Failed to lookup view \"inner\" in views directory \"/Users/joecarlson/Documents/Dev/JavaScript/beschel-test2/server/views\"\n    at EventEmitter.render (/Users/joecarlson/Documents/Dev/JavaScript/beschel-test2/node_modules/express/lib/application.js:579:17)\n    at ServerResponse.render (/Users/joecarlson/Documents/Dev/JavaScript/beschel-test2/node_modules/express/lib/response.js:961:7)\n    at Object.app.use.mds.middleware.handler (/Users/joecarlson/Documents/Dev/JavaScript/beschel-test2/server.js:72:9)\n    at /Users/joecarlson/Documents/Dev/JavaScript/beschel-test2/node_modules/markdown-serve/lib/server.js:204:36\n    at /Users/joecarlson/Documents/Dev/JavaScript/beschel-test2/node_modules/markdown-serve/lib/parser.js:92:20\n    at tryToString (fs.js:414:3)\n    at FSReqWrap.readFileAfterClose [as oncomplete] (fs.js:401:12)","timestamp":"2015-11-29T00:51:52.634Z"}
{"level":"error","message":"GET /about: Error: Failed to lookup view \"inner\" in views directory \"/Users/joecarlson/Documents/Dev/JavaScript/beschel-test2/server/views\"\n    at EventEmitter.render (/Users/joecarlson/Documents/Dev/JavaScript/beschel-test2/node_modules/express/lib/application.js:579:17)\n    at ServerResponse.render (/Users/joecarlson/Documents/Dev/JavaScript/beschel-test2/node_modules/express/lib/response.js:961:7)\n    at Object.app.use.mds.middleware.handler (/Users/joecarlson/Documents/Dev/JavaScript/beschel-test2/server.js:72:9)\n    at /Users/joecarlson/Documents/Dev/JavaScript/beschel-test2/node_modules/markdown-serve/lib/server.js:204:36\n    at /Users/joecarlson/Documents/Dev/JavaScript/beschel-test2/node_modules/markdown-serve/lib/parser.js:92:20\n    at tryToString (fs.js:414:3)\n    at FSReqWrap.readFileAfterClose [as oncomplete] (fs.js:401:12)","timestamp":"2015-11-29T00:51:55.287Z"}
{"level":"info","message":"Server started","timestamp":"2015-11-29T00:52:13.086Z"}
{"level":"error","message":"GET /about: Error: Failed to lookup view \"inner\" in views directory \"/Users/joecarlson/Documents/Dev/JavaScript/beschel-test2/server/views\"\n    at EventEmitter.render (/Users/joecarlson/Documents/Dev/JavaScript/beschel-test2/node_modules/express/lib/application.js:579:17)\n    at ServerResponse.render (/Users/joecarlson/Documents/Dev/JavaScript/beschel-test2/node_modules/express/lib/response.js:961:7)\n    at Object.app.use.mds.middleware.handler (/Users/joecarlson/Documents/Dev/JavaScript/beschel-test2/server.js:72:9)\n    at /Users/joecarlson/Documents/Dev/JavaScript/beschel-test2/node_modules/markdown-serve/lib/server.js:204:36\n    at /Users/joecarlson/Documents/Dev/JavaScript/beschel-test2/node_modules/markdown-serve/lib/parser.js:92:20\n    at tryToString (fs.js:414:3)\n    at FSReqWrap.readFileAfterClose [as oncomplete] (fs.js:401:12)","timestamp":"2015-11-29T00:52:13.551Z"}
{"level":"error","message":"GET /about: Error: Failed to lookup view \"inner\" in views directory \"/Users/joecarlson/Documents/Dev/JavaScript/beschel-test2/server/views\"\n    at EventEmitter.render (/Users/joecarlson/Documents/Dev/JavaScript/beschel-test2/node_modules/express/lib/application.js:579:17)\n    at ServerResponse.render (/Users/joecarlson/Documents/Dev/JavaScript/beschel-test2/node_modules/express/lib/response.js:961:7)\n    at Object.app.use.mds.middleware.handler (/Users/joecarlson/Documents/Dev/JavaScript/beschel-test2/server.js:72:9)\n    at /Users/joecarlson/Documents/Dev/JavaScript/beschel-test2/node_modules/markdown-serve/lib/server.js:204:36\n    at /Users/joecarlson/Documents/Dev/JavaScript/beschel-test2/node_modules/markdown-serve/lib/parser.js:92:20\n    at tryToString (fs.js:414:3)\n    at FSReqWrap.readFileAfterClose [as oncomplete] (fs.js:401:12)","timestamp":"2015-11-29T00:52:15.828Z"}
{"level":"info","message":"Server started","timestamp":"2015-11-29T00:52:54.687Z"}
{"level":"error","message":"GET /about: Error: Failed to lookup view \"inner\" in views directory \"/Users/joecarlson/Documents/Dev/JavaScript/beschel-test2/server/views\"\n    at EventEmitter.render (/Users/joecarlson/Documents/Dev/JavaScript/beschel-test2/node_modules/express/lib/application.js:579:17)\n    at ServerResponse.render (/Users/joecarlson/Documents/Dev/JavaScript/beschel-test2/node_modules/express/lib/response.js:961:7)\n    at Object.app.use.mds.middleware.handler (/Users/joecarlson/Documents/Dev/JavaScript/beschel-test2/server.js:72:9)\n    at /Users/joecarlson/Documents/Dev/JavaScript/beschel-test2/node_modules/markdown-serve/lib/server.js:204:36\n    at /Users/joecarlson/Documents/Dev/JavaScript/beschel-test2/node_modules/markdown-serve/lib/parser.js:92:20\n    at tryToString (fs.js:414:3)\n    at FSReqWrap.readFileAfterClose [as oncomplete] (fs.js:401:12)","timestamp":"2015-11-29T00:52:55.160Z"}
{"level":"info","message":"Server started","timestamp":"2015-11-29T00:53:10.704Z"}
{"level":"error","message":"GET /about: Error: Failed to lookup view \"inner\" in views directory \"/Users/joecarlson/Documents/Dev/JavaScript/beschel-test2/server/views\"\n    at EventEmitter.render (/Users/joecarlson/Documents/Dev/JavaScript/beschel-test2/node_modules/express/lib/application.js:579:17)\n    at ServerResponse.render (/Users/joecarlson/Documents/Dev/JavaScript/beschel-test2/node_modules/express/lib/response.js:961:7)\n    at Object.app.use.mds.middleware.handler (/Users/joecarlson/Documents/Dev/JavaScript/beschel-test2/server.js:72:9)\n    at /Users/joecarlson/Documents/Dev/JavaScript/beschel-test2/node_modules/markdown-serve/lib/server.js:204:36\n    at /Users/joecarlson/Documents/Dev/JavaScript/beschel-test2/node_modules/markdown-serve/lib/parser.js:92:20\n    at tryToString (fs.js:414:3)\n    at FSReqWrap.readFileAfterClose [as oncomplete] (fs.js:401:12)","timestamp":"2015-11-29T00:53:11.172Z"}
{"level":"error","message":"GET /about: Error: Failed to lookup view \"inner\" in views directory \"/Users/joecarlson/Documents/Dev/JavaScript/beschel-test2/server/views\"\n    at EventEmitter.render (/Users/joecarlson/Documents/Dev/JavaScript/beschel-test2/node_modules/express/lib/application.js:579:17)\n    at ServerResponse.render (/Users/joecarlson/Documents/Dev/JavaScript/beschel-test2/node_modules/express/lib/response.js:961:7)\n    at Object.app.use.mds.middleware.handler (/Users/joecarlson/Documents/Dev/JavaScript/beschel-test2/server.js:72:9)\n    at /Users/joecarlson/Documents/Dev/JavaScript/beschel-test2/node_modules/markdown-serve/lib/server.js:204:36\n    at /Users/joecarlson/Documents/Dev/JavaScript/beschel-test2/node_modules/markdown-serve/lib/parser.js:92:20\n    at tryToString (fs.js:414:3)\n    at FSReqWrap.readFileAfterClose [as oncomplete] (fs.js:401:12)","timestamp":"2015-11-29T00:53:28.506Z"}
{"level":"info","message":"Server started","timestamp":"2015-11-29T00:53:50.250Z"}
{"level":"error","message":"GET /about: Error: Failed to lookup view \"inner\" in views directory \"/Users/joecarlson/Documents/Dev/JavaScript/beschel-test2/server/views\"\n    at EventEmitter.render (/Users/joecarlson/Documents/Dev/JavaScript/beschel-test2/node_modules/express/lib/application.js:579:17)\n    at ServerResponse.render (/Users/joecarlson/Documents/Dev/JavaScript/beschel-test2/node_modules/express/lib/response.js:961:7)\n    at Object.app.use.mds.middleware.handler (/Users/joecarlson/Documents/Dev/JavaScript/beschel-test2/server.js:72:9)\n    at /Users/joecarlson/Documents/Dev/JavaScript/beschel-test2/node_modules/markdown-serve/lib/server.js:204:36\n    at /Users/joecarlson/Documents/Dev/JavaScript/beschel-test2/node_modules/markdown-serve/lib/parser.js:92:20\n    at tryToString (fs.js:414:3)\n    at FSReqWrap.readFileAfterClose [as oncomplete] (fs.js:401:12)","timestamp":"2015-11-29T00:53:57.748Z"}
{"level":"info","message":"Server started","timestamp":"2015-11-29T00:54:05.817Z"}
{"level":"error","message":"GET /about: Error: Failed to lookup view \"inner\" in views directory \"/Users/joecarlson/Documents/Dev/JavaScript/beschel-test2/server/views\"\n    at EventEmitter.render (/Users/joecarlson/Documents/Dev/JavaScript/beschel-test2/node_modules/express/lib/application.js:579:17)\n    at ServerResponse.render (/Users/joecarlson/Documents/Dev/JavaScript/beschel-test2/node_modules/express/lib/response.js:961:7)\n    at Object.app.use.mds.middleware.handler (/Users/joecarlson/Documents/Dev/JavaScript/beschel-test2/server.js:72:9)\n    at /Users/joecarlson/Documents/Dev/JavaScript/beschel-test2/node_modules/markdown-serve/lib/server.js:204:36\n    at /Users/joecarlson/Documents/Dev/JavaScript/beschel-test2/node_modules/markdown-serve/lib/parser.js:92:20\n    at tryToString (fs.js:414:3)\n    at FSReqWrap.readFileAfterClose [as oncomplete] (fs.js:401:12)","timestamp":"2015-11-29T00:54:07.548Z"}
{"level":"info","message":"Server started","timestamp":"2015-11-29T00:54:14.785Z"}
{"level":"error","message":"GET /about: Error: Failed to lookup view \"inner\" in views directory \"/Users/joecarlson/Documents/Dev/JavaScript/beschel-test2/server/views\"\n    at EventEmitter.render (/Users/joecarlson/Documents/Dev/JavaScript/beschel-test2/node_modules/express/lib/application.js:579:17)\n    at ServerResponse.render (/Users/joecarlson/Documents/Dev/JavaScript/beschel-test2/node_modules/express/lib/response.js:961:7)\n    at Object.app.use.mds.middleware.handler (/Users/joecarlson/Documents/Dev/JavaScript/beschel-test2/server.js:72:9)\n    at /Users/joecarlson/Documents/Dev/JavaScript/beschel-test2/node_modules/markdown-serve/lib/server.js:204:36\n    at /Users/joecarlson/Documents/Dev/JavaScript/beschel-test2/node_modules/markdown-serve/lib/parser.js:92:20\n    at tryToString (fs.js:414:3)\n    at FSReqWrap.readFileAfterClose [as oncomplete] (fs.js:401:12)","timestamp":"2015-11-29T00:54:16.622Z"}
{"level":"info","message":"Server started","timestamp":"2015-11-29T00:54:26.764Z"}
{"level":"error","message":"GET /about: Error: Failed to lookup view \"inner\" in views directory \"/Users/joecarlson/Documents/Dev/JavaScript/beschel-test2/server/views\"\n    at EventEmitter.render (/Users/joecarlson/Documents/Dev/JavaScript/beschel-test2/node_modules/express/lib/application.js:579:17)\n    at ServerResponse.render (/Users/joecarlson/Documents/Dev/JavaScript/beschel-test2/node_modules/express/lib/response.js:961:7)\n    at Object.app.use.mds.middleware.handler (/Users/joecarlson/Documents/Dev/JavaScript/beschel-test2/server.js:72:9)\n    at /Users/joecarlson/Documents/Dev/JavaScript/beschel-test2/node_modules/markdown-serve/lib/server.js:204:36\n    at /Users/joecarlson/Documents/Dev/JavaScript/beschel-test2/node_modules/markdown-serve/lib/parser.js:92:20\n    at tryToString (fs.js:414:3)\n    at FSReqWrap.readFileAfterClose [as oncomplete] (fs.js:401:12)","timestamp":"2015-11-29T00:54:30.223Z"}
{"level":"info","message":"Server started","timestamp":"2015-11-29T00:57:36.534Z"}
{"level":"info","message":"Server started","timestamp":"2015-11-29T00:59:01.889Z"}
{"level":"info","message":"Server started","timestamp":"2015-11-29T00:59:17.047Z"}
{"level":"info","message":"Server started","timestamp":"2015-11-29T00:59:48.680Z"}
{"level":"info","message":"Server started","timestamp":"2015-11-29T00:59:59.623Z"}
{"level":"info","message":"Server started","timestamp":"2015-11-29T01:00:08.615Z"}
{"level":"info","message":"Server started","timestamp":"2015-11-29T01:33:28.092Z"}
{"level":"info","message":"Server started","timestamp":"2015-11-29T01:33:41.098Z"}
{"level":"info","message":"Server started","timestamp":"2015-11-29T22:16:44.907Z"}
{"level":"info","message":"Server started","timestamp":"2015-11-29T22:39:40.261Z"}
{"level":"info","message":"Server started","timestamp":"2015-11-29T22:43:22.525Z"}
{"level":"info","message":"Server started","timestamp":"2015-11-29T22:45:02.719Z"}
{"level":"info","message":"Server started","timestamp":"2015-11-29T22:47:09.753Z"}
{"level":"info","message":"Server started","timestamp":"2015-11-29T22:48:55.387Z"}
{"level":"info","message":"Server started","timestamp":"2015-11-29T22:49:39.491Z"}
{"level":"info","message":"Server started","timestamp":"2015-11-29T22:49:45.927Z"}
{"level":"info","message":"Server started","timestamp":"2015-11-29T22:51:12.534Z"}
{"level":"info","message":"Server started","timestamp":"2015-11-29T22:52:24.413Z"}
{"level":"info","message":"Server started","timestamp":"2015-11-29T22:53:32.989Z"}
{"level":"info","message":"Server started","timestamp":"2015-11-29T22:54:53.658Z"}
{"level":"info","message":"Server started","timestamp":"2015-11-29T22:55:19.116Z"}
{"level":"info","message":"Server started","timestamp":"2015-11-29T22:56:16.369Z"}
{"level":"info","message":"Server started","timestamp":"2015-11-29T23:01:26.701Z"}
{"level":"info","message":"Server started","timestamp":"2015-11-29T23:03:24.965Z"}
{"level":"info","message":"Server started","timestamp":"2015-11-29T23:05:59.684Z"}
{"level":"info","message":"Server started","timestamp":"2015-11-29T23:06:27.206Z"}
{"level":"info","message":"Server started","timestamp":"2015-11-29T23:10:53.217Z"}
{"level":"info","message":"Server started","timestamp":"2015-11-29T23:12:46.723Z"}
{"level":"info","message":"Server started","timestamp":"2015-11-29T23:16:33.695Z"}
{"level":"info","message":"Server started","timestamp":"2015-11-29T23:17:11.593Z"}
{"level":"info","message":"Server started","timestamp":"2015-11-29T23:17:33.959Z"}
{"level":"info","message":"Server started","timestamp":"2015-11-29T23:18:17.555Z"}
{"level":"info","message":"Server started","timestamp":"2015-11-29T23:19:09.855Z"}
{"level":"info","message":"Server started","timestamp":"2015-11-29T23:19:19.544Z"}
{"level":"info","message":"Server started","timestamp":"2015-11-29T23:19:26.250Z"}
{"level":"info","message":"Server started","timestamp":"2015-11-29T23:19:39.579Z"}
{"level":"info","message":"Server started","timestamp":"2015-11-29T23:20:29.614Z"}
{"level":"info","message":"Server started","timestamp":"2015-11-29T23:20:57.013Z"}
{"level":"info","message":"Server started","timestamp":"2015-11-29T23:20:58.519Z"}
{"level":"info","message":"Server started","timestamp":"2015-11-29T23:23:28.152Z"}
{"level":"info","message":"Server started","timestamp":"2015-11-29T23:24:12.056Z"}
{"level":"info","message":"Server started","timestamp":"2015-11-29T23:25:01.693Z"}
{"level":"info","message":"Server started","timestamp":"2015-11-29T23:25:27.749Z"}
{"level":"info","message":"Server started","timestamp":"2015-11-29T23:29:45.652Z"}
{"level":"info","message":"Server started","timestamp":"2015-11-29T23:31:39.419Z"}
{"level":"info","message":"Server started","timestamp":"2015-11-29T23:34:13.880Z"}
{"level":"info","message":"Server started","timestamp":"2015-11-29T23:34:27.022Z"}
{"level":"error","message":"GET /: Error: /Users/joecarlson/Documents/Dev/JavaScript/beschel-test/server/views/index.jade:3\n    1| extends layout\n    2| \n  > 3|   block content\n    4| \n    5|     .row.small-up-2.medium-up-3.large-up-4\n    6|       .column\n\nunexpected token \"indent\"\n    at Parser.parseExpr (/Users/joecarlson/Documents/Dev/JavaScript/beschel-test/node_modules/jade/lib/parser.js:254:15)\n    at Parser.parse (/Users/joecarlson/Documents/Dev/JavaScript/beschel-test/node_modules/jade/lib/parser.js:122:25)\n    at parse (/Users/joecarlson/Documents/Dev/JavaScript/beschel-test/node_modules/jade/lib/index.js:104:21)\n    at Object.exports.compile (/Users/joecarlson/Documents/Dev/JavaScript/beschel-test/node_modules/jade/lib/index.js:205:16)\n    at handleTemplateCache (/Users/joecarlson/Documents/Dev/JavaScript/beschel-test/node_modules/jade/lib/index.js:174:25)\n    at Object.exports.renderFile (/Users/joecarlson/Documents/Dev/JavaScript/beschel-test/node_modules/jade/lib/index.js:380:10)\n    at Object.exports.renderFile (/Users/joecarlson/Documents/Dev/JavaScript/beschel-test/node_modules/jade/lib/index.js:370:21)\n    at View.exports.__express [as engine] (/Users/joecarlson/Documents/Dev/JavaScript/beschel-test/node_modules/jade/lib/index.js:417:11)\n    at View.render (/Users/joecarlson/Documents/Dev/JavaScript/beschel-test/node_modules/express/lib/view.js:126:8)\n    at tryRender (/Users/joecarlson/Documents/Dev/JavaScript/beschel-test/node_modules/express/lib/application.js:639:10)","timestamp":"2015-11-29T23:34:37.109Z"}
{"level":"info","message":"Server started","timestamp":"2015-11-29T23:34:47.672Z"}
{"level":"info","message":"Server started","timestamp":"2015-11-29T23:36:31.175Z"}
{"level":"info","message":"Server started","timestamp":"2015-11-29T23:36:49.872Z"}
{"level":"info","message":"Server started","timestamp":"2015-11-29T23:36:58.296Z"}
{"level":"info","message":"Server started","timestamp":"2015-11-29T23:38:08.764Z"}
{"level":"info","message":"Server started","timestamp":"2015-11-29T23:38:11.103Z"}
{"level":"info","message":"Server started","timestamp":"2015-11-29T23:39:29.627Z"}
{"level":"info","message":"Server started","timestamp":"2015-11-29T23:39:34.611Z"}
{"level":"info","message":"Server started","timestamp":"2015-11-30T00:20:01.837Z"}
{"level":"info","message":"Server started","timestamp":"2015-11-30T00:22:54.444Z"}
{"level":"info","message":"Server started","timestamp":"2015-11-30T00:23:15.574Z"}
{"level":"info","message":"Server started","timestamp":"2015-11-30T00:23:19.359Z"}
{"level":"info","message":"Server started","timestamp":"2015-11-30T00:25:44.612Z"}
{"level":"info","message":"Server started","timestamp":"2015-11-30T00:29:08.720Z"}
{"level":"info","message":"Server started","timestamp":"2015-11-30T00:34:07.236Z"}
{"level":"info","message":"Server started","timestamp":"2015-11-30T00:34:56.392Z"}
{"level":"info","message":"Server started","timestamp":"2015-11-30T00:35:16.161Z"}
{"level":"info","message":"Server started","timestamp":"2015-11-30T00:41:23.610Z"}
{"level":"info","message":"Server started","timestamp":"2015-11-30T00:41:55.436Z"}
{"level":"info","message":"Server started","timestamp":"2015-11-30T00:43:18.751Z"}
{"level":"info","message":"Server started","timestamp":"2015-11-30T00:45:08.870Z"}
{"level":"info","message":"Server started","timestamp":"2015-11-30T00:49:22.562Z"}
{"level":"info","message":"Server started","timestamp":"2015-11-30T00:49:54.179Z"}
{"level":"info","message":"Server started","timestamp":"2015-11-30T02:07:25.722Z"}
{"level":"info","message":"Server started","timestamp":"2015-11-30T02:07:45.394Z"}
{"level":"info","message":"Server started","timestamp":"2015-11-30T02:08:19.435Z"}
{"level":"info","message":"Server started","timestamp":"2015-11-30T02:09:28.331Z"}
{"level":"info","message":"Server started","timestamp":"2015-11-30T02:09:30.788Z"}
{"level":"info","message":"Server started","timestamp":"2015-11-30T02:30:47.183Z"}
{"level":"info","message":"Server started","timestamp":"2015-11-30T02:31:56.527Z"}
{"level":"info","message":"Server started","timestamp":"2015-11-30T02:34:14.840Z"}
{"level":"info","message":"Server started","timestamp":"2015-11-30T02:35:19.317Z"}
{"level":"info","message":"Server started","timestamp":"2015-11-30T02:35:42.065Z"}
{"level":"info","message":"Server started","timestamp":"2015-11-30T02:35:50.731Z"}
{"level":"info","message":"Server started","timestamp":"2015-11-30T02:36:45.601Z"}
{"level":"info","message":"Server started","timestamp":"2015-11-30T02:38:48.627Z"}
{"level":"info","message":"Server started","timestamp":"2015-11-30T02:39:14.940Z"}
{"level":"info","message":"Server started","timestamp":"2015-11-30T02:40:28.956Z"}
{"level":"info","message":"Server started","timestamp":"2015-11-30T02:40:58.823Z"}
{"level":"info","message":"Server started","timestamp":"2015-11-30T02:42:30.773Z"}
{"level":"info","message":"Server started","timestamp":"2015-11-30T02:42:35.251Z"}
{"level":"info","message":"Server started","timestamp":"2015-11-30T02:44:19.094Z"}
{"level":"info","message":"Server started","timestamp":"2015-11-30T02:49:31.948Z"}
{"level":"info","message":"Server started","timestamp":"2015-11-30T02:49:53.073Z"}
{"level":"info","message":"Server started","timestamp":"2015-11-30T02:51:05.389Z"}
{"level":"info","message":"Server started","timestamp":"2015-11-30T02:54:05.944Z"}
{"level":"info","message":"Server started","timestamp":"2015-11-30T02:54:29.048Z"}
{"level":"info","message":"Server started","timestamp":"2015-11-30T02:55:51.357Z"}
{"level":"info","message":"Server started","timestamp":"2015-11-30T02:57:45.089Z"}
{"level":"info","message":"Server started","timestamp":"2015-11-30T03:01:38.966Z"}
{"level":"info","message":"Server started","timestamp":"2015-11-30T03:03:25.047Z"}
{"level":"info","message":"Server started","timestamp":"2015-11-30T03:04:56.192Z"}
{"level":"info","message":"Server started","timestamp":"2015-11-30T03:06:13.754Z"}
{"level":"info","message":"Server started","timestamp":"2015-11-30T03:08:37.048Z"}
{"level":"info","message":"Server started","timestamp":"2015-11-30T03:10:31.727Z"}
{"level":"info","message":"Server started","timestamp":"2015-11-30T03:11:21.623Z"}
{"level":"info","message":"Server started","timestamp":"2015-11-30T03:20:31.647Z"}
{"level":"info","message":"Server started","timestamp":"2015-11-30T03:27:07.894Z"}
{"level":"info","message":"Server started","timestamp":"2015-11-30T03:29:57.906Z"}
{"level":"info","message":"Server started","timestamp":"2015-11-30T03:31:53.574Z"}
{"level":"info","message":"Server started","timestamp":"2015-11-30T03:33:07.611Z"}
{"level":"info","message":"Server started","timestamp":"2015-11-30T03:37:14.170Z"}
{"level":"info","message":"Server started","timestamp":"2015-11-30T03:43:55.818Z"}
{"level":"info","message":"Server started","timestamp":"2015-11-30T03:45:02.503Z"}
{"level":"info","message":"Server started","timestamp":"2015-11-30T04:05:43.586Z"}
{"level":"info","message":"Server started","timestamp":"2015-11-30T04:27:32.031Z"}
{"level":"info","message":"Server started","timestamp":"2015-11-30T04:27:48.886Z"}
{"level":"info","message":"Server started","timestamp":"2015-11-30T04:58:47.985Z"}
{"level":"error","message":"GET /: ReferenceError: fixtureData is not defined\n    at /Users/joecarlson/Documents/Dev/JavaScript/beschel-test/routes/index.js:8:19\n    at Layer.handle [as handle_request] (/Users/joecarlson/Documents/Dev/JavaScript/beschel-test/node_modules/express/lib/router/layer.js:95:5)\n    at next (/Users/joecarlson/Documents/Dev/JavaScript/beschel-test/node_modules/express/lib/router/route.js:131:13)\n    at Route.dispatch (/Users/joecarlson/Documents/Dev/JavaScript/beschel-test/node_modules/express/lib/router/route.js:112:3)\n    at Layer.handle [as handle_request] (/Users/joecarlson/Documents/Dev/JavaScript/beschel-test/node_modules/express/lib/router/layer.js:95:5)\n    at /Users/joecarlson/Documents/Dev/JavaScript/beschel-test/node_modules/express/lib/router/index.js:277:22\n    at Function.process_params (/Users/joecarlson/Documents/Dev/JavaScript/beschel-test/node_modules/express/lib/router/index.js:330:12)\n    at next (/Users/joecarlson/Documents/Dev/JavaScript/beschel-test/node_modules/express/lib/router/index.js:271:10)\n    at Function.handle (/Users/joecarlson/Documents/Dev/JavaScript/beschel-test/node_modules/express/lib/router/index.js:176:3)\n    at router (/Users/joecarlson/Documents/Dev/JavaScript/beschel-test/node_modules/express/lib/router/index.js:46:12)","timestamp":"2015-11-30T04:58:48.287Z"}
{"level":"info","message":"Server started","timestamp":"2015-11-30T05:01:25.580Z"}
{"level":"info","message":"Server started","timestamp":"2015-11-30T05:02:44.381Z"}
{"level":"error","message":"GET /: TypeError: /Users/joecarlson/Documents/Dev/JavaScript/beschel-test/server/views/index.jade:39\n    37|       p\n    38|           The test was popularized by Alison Bechdel's comic Dykes to Watch Out For, in a 1985 strip called The Rule. For a nice video introduction to the subject please check out The Bechdel Test for Women in Movies on feministfrequency.com.\n  > 39|       #{\n    40|         barChartHelper.getBarChart({\n    41|           data: fixtureData,\n    42|           width: 400,\n\nCannot read property 'getBarChart' of undefined\n    at eval (eval at <anonymous> (/Users/joecarlson/Documents/Dev/JavaScript/beschel-test/node_modules/jade/lib/index.js:218:8), <anonymous>:508:23)\n    at eval (eval at <anonymous> (/Users/joecarlson/Documents/Dev/JavaScript/beschel-test/node_modules/jade/lib/index.js:218:8), <anonymous>:590:22)\n    at res (/Users/joecarlson/Documents/Dev/JavaScript/beschel-test/node_modules/jade/lib/index.js:219:38)\n    at Object.exports.renderFile (/Users/joecarlson/Documents/Dev/JavaScript/beschel-test/node_modules/jade/lib/index.js:380:38)\n    at Object.exports.renderFile (/Users/joecarlson/Documents/Dev/JavaScript/beschel-test/node_modules/jade/lib/index.js:370:21)\n    at View.exports.__express [as engine] (/Users/joecarlson/Documents/Dev/JavaScript/beschel-test/node_modules/jade/lib/index.js:417:11)\n    at View.render (/Users/joecarlson/Documents/Dev/JavaScript/beschel-test/node_modules/express/lib/view.js:126:8)\n    at tryRender (/Users/joecarlson/Documents/Dev/JavaScript/beschel-test/node_modules/express/lib/application.js:639:10)\n    at EventEmitter.render (/Users/joecarlson/Documents/Dev/JavaScript/beschel-test/node_modules/express/lib/application.js:591:3)\n    at ServerResponse.render (/Users/joecarlson/Documents/Dev/JavaScript/beschel-test/node_modules/express/lib/response.js:961:7)","timestamp":"2015-11-30T05:02:45.950Z"}
{"level":"info","message":"Server started","timestamp":"2015-11-30T05:03:17.712Z"}
{"level":"info","message":"Server started","timestamp":"2015-11-30T05:04:21.239Z"}
{"level":"error","message":"GET /: Error: /Users/joecarlson/Documents/Dev/JavaScript/beschel-test/server/views/index.jade:49\n    47|           containerId: 'bar-chart-small'\n    48|         })\n  > 49|       }\n    50| \n    51| \n    52| \n\nunexpected text }\n\n\n\n\n    at Object.Lexer.fail (/Users/joecarlson/Documents/Dev/JavaScript/beschel-test/node_modules/jade/lib/lexer.js:887:11)\n    at Object.Lexer.next (/Users/joecarlson/Documents/Dev/JavaScript/beschel-test/node_modules/jade/lib/lexer.js:947:15)\n    at Object.Lexer.lookahead (/Users/joecarlson/Documents/Dev/JavaScript/beschel-test/node_modules/jade/lib/lexer.js:113:46)\n    at Parser.lookahead (/Users/joecarlson/Documents/Dev/JavaScript/beschel-test/node_modules/jade/lib/parser.js:102:23)\n    at Parser.peek (/Users/joecarlson/Documents/Dev/JavaScript/beschel-test/node_modules/jade/lib/parser.js:79:17)\n    at Parser.block (/Users/joecarlson/Documents/Dev/JavaScript/beschel-test/node_modules/jade/lib/parser.js:725:30)\n    at Parser.tag (/Users/joecarlson/Documents/Dev/JavaScript/beschel-test/node_modules/jade/lib/parser.js:838:24)\n    at Parser.parseTag (/Users/joecarlson/Documents/Dev/JavaScript/beschel-test/node_modules/jade/lib/parser.js:759:17)\n    at Parser.parseExpr (/Users/joecarlson/Documents/Dev/JavaScript/beschel-test/node_modules/jade/lib/parser.js:211:21)\n    at Parser.parseExpr (/Users/joecarlson/Documents/Dev/JavaScript/beschel-test/node_modules/jade/lib/parser.js:252:21)","timestamp":"2015-11-30T05:04:22.112Z"}
{"level":"info","message":"Server started","timestamp":"2015-11-30T05:04:38.588Z"}
{"level":"info","message":"Server started","timestamp":"2015-11-30T05:05:26.774Z"}
{"level":"info","message":"Server started","timestamp":"2015-11-30T05:05:35.901Z"}
{"level":"info","message":"Server started","timestamp":"2015-11-30T05:05:40.986Z"}
{"level":"info","message":"Server started","timestamp":"2015-12-03T21:38:57.041Z"}
{"level":"info","message":"Server started","timestamp":"2015-12-03T22:00:03.688Z"}
{"level":"info","message":"Server started","timestamp":"2015-12-03T22:00:25.154Z"}
{"level":"info","message":"Server started","timestamp":"2015-12-03T22:49:51.462Z"}
{"level":"info","message":"Server started","timestamp":"2015-12-03T22:58:15.822Z"}
{"level":"info","message":"Server started","timestamp":"2015-12-03T22:59:26.271Z"}
{"level":"info","message":"Server started","timestamp":"2015-12-05T22:22:57.815Z"}
{"level":"info","message":"Server started","timestamp":"2015-12-06T02:43:26.937Z"}
{"level":"info","message":"Server started","timestamp":"2015-12-06T02:44:28.844Z"}
{"level":"info","message":"Server started","timestamp":"2015-12-06T02:47:23.608Z"}
{"level":"error","message":"GET /: Error: /Users/joecarlson/Documents/Dev/JavaScript/beschel-test/server/views/index.jade:20\n    18|       li Aliquam tincidunt mauris eu risus.\n    19| \n  > 20|   |\n    21|     script.\n    22|       barChartHelper.getBarChart({\n    23|       data: fixtureData,\n\nunexpected text |\n   \n    at Object.Lexer.fail (/Users/joecarlson/Documents/Dev/JavaScript/beschel-test/node_modules/jade/lib/lexer.js:887:11)\n    at Object.Lexer.next (/Users/joecarlson/Documents/Dev/JavaScript/beschel-test/node_modules/jade/lib/lexer.js:947:15)\n    at Object.Lexer.lookahead (/Users/joecarlson/Documents/Dev/JavaScript/beschel-test/node_modules/jade/lib/lexer.js:113:46)\n    at Parser.lookahead (/Users/joecarlson/Documents/Dev/JavaScript/beschel-test/node_modules/jade/lib/parser.js:102:23)\n    at Parser.peek (/Users/joecarlson/Documents/Dev/JavaScript/beschel-test/node_modules/jade/lib/parser.js:79:17)\n    at Parser.block (/Users/joecarlson/Documents/Dev/JavaScript/beschel-test/node_modules/jade/lib/parser.js:725:30)\n    at Parser.parseBlock (/Users/joecarlson/Documents/Dev/JavaScript/beschel-test/node_modules/jade/lib/parser.js:535:14)\n    at Parser.parseExpr (/Users/joecarlson/Documents/Dev/JavaScript/beschel-test/node_modules/jade/lib/parser.js:215:21)\n    at Parser.parse (/Users/joecarlson/Documents/Dev/JavaScript/beschel-test/node_modules/jade/lib/parser.js:122:25)\n    at parse (/Users/joecarlson/Documents/Dev/JavaScript/beschel-test/node_modules/jade/lib/index.js:104:21)","timestamp":"2015-12-06T02:47:40.050Z"}
{"level":"info","message":"Server started","timestamp":"2015-12-06T02:48:03.377Z"}
{"level":"info","message":"Server started","timestamp":"2015-12-06T02:48:32.686Z"}
{"level":"error","message":"GET /: Error: /Users/joecarlson/Documents/Dev/JavaScript/beschel-test/server/views/index.jade:21\n    19| \n    20|   h1 D3 Server-side Demo\n  > 21|     |\n    22|       script.\n    23|         barChartHelper.getBarChart({\n    24|         data: fixtureData,\n\nunexpected text |\n   \n    at Object.Lexer.fail (/Users/joecarlson/Documents/Dev/JavaScript/beschel-test/node_modules/jade/lib/lexer.js:887:11)\n    at Object.Lexer.next (/Users/joecarlson/Documents/Dev/JavaScript/beschel-test/node_modules/jade/lib/lexer.js:947:15)\n    at Object.Lexer.lookahead (/Users/joecarlson/Documents/Dev/JavaScript/beschel-test/node_modules/jade/lib/lexer.js:113:46)\n    at Parser.lookahead (/Users/joecarlson/Documents/Dev/JavaScript/beschel-test/node_modules/jade/lib/parser.js:102:23)\n    at Parser.peek (/Users/joecarlson/Documents/Dev/JavaScript/beschel-test/node_modules/jade/lib/parser.js:79:17)\n    at Parser.block (/Users/joecarlson/Documents/Dev/JavaScript/beschel-test/node_modules/jade/lib/parser.js:725:30)\n    at Parser.tag (/Users/joecarlson/Documents/Dev/JavaScript/beschel-test/node_modules/jade/lib/parser.js:838:24)\n    at Parser.parseTag (/Users/joecarlson/Documents/Dev/JavaScript/beschel-test/node_modules/jade/lib/parser.js:759:17)\n    at Parser.parseExpr (/Users/joecarlson/Documents/Dev/JavaScript/beschel-test/node_modules/jade/lib/parser.js:211:21)\n    at Parser.block (/Users/joecarlson/Documents/Dev/JavaScript/beschel-test/node_modules/jade/lib/parser.js:729:25)","timestamp":"2015-12-06T02:48:40.226Z"}
{"level":"info","message":"Server started","timestamp":"2015-12-06T02:49:40.000Z"}
{"level":"info","message":"Server started","timestamp":"2015-12-06T02:49:57.264Z"}
{"level":"info","message":"Server started","timestamp":"2015-12-06T02:52:37.283Z"}
{"level":"info","message":"Server started","timestamp":"2015-12-06T02:57:47.132Z"}
{"level":"info","message":"Server started","timestamp":"2015-12-06T03:04:36.415Z"}
{"level":"info","message":"Server started","timestamp":"2015-12-06T03:04:47.527Z"}
{"level":"info","message":"Server started","timestamp":"2015-12-06T03:05:55.149Z"}
{"level":"info","message":"Server started","timestamp":"2015-12-06T03:06:46.460Z"}
{"level":"info","message":"Server started","timestamp":"2015-12-06T03:11:13.115Z"}
{"level":"info","message":"Server started","timestamp":"2015-12-06T03:21:56.013Z"}
{"level":"info","message":"Server started","timestamp":"2015-12-06T03:22:06.008Z"}
{"level":"info","message":"Server started","timestamp":"2015-12-06T03:24:01.499Z"}
{"level":"info","message":"Server started","timestamp":"2015-12-06T03:24:14.999Z"}
{"level":"info","message":"Server started","timestamp":"2015-12-06T03:24:21.949Z"}
{"level":"info","message":"Server started","timestamp":"2015-12-06T03:24:23.682Z"}
{"level":"error","message":"GET /: Error: /Users/joecarlson/Documents/Dev/JavaScript/beschel-test/server/views/index.jade:23\n    21| \n    22|     - barChartHelper.getBarChart({\n  > 23|       data: fixtureData,\n    24|       width: 400,\n    25|       height: 300,\n    26|       xAxisLabel: '2012',\n\nunexpected text ,\n   \n    at Object.Lexer.fail (/Users/joecarlson/Documents/Dev/JavaScript/beschel-test/node_modules/jade/lib/lexer.js:887:11)\n    at Object.Lexer.next (/Users/joecarlson/Documents/Dev/JavaScript/beschel-test/node_modules/jade/lib/lexer.js:947:15)\n    at Object.Lexer.lookahead (/Users/joecarlson/Documents/Dev/JavaScript/beschel-test/node_modules/jade/lib/lexer.js:113:46)\n    at Parser.lookahead (/Users/joecarlson/Documents/Dev/JavaScript/beschel-test/node_modules/jade/lib/parser.js:102:23)\n    at Parser.peek (/Users/joecarlson/Documents/Dev/JavaScript/beschel-test/node_modules/jade/lib/parser.js:79:17)\n    at Parser.tag (/Users/joecarlson/Documents/Dev/JavaScript/beschel-test/node_modules/jade/lib/parser.js:773:22)\n    at Parser.parseTag (/Users/joecarlson/Documents/Dev/JavaScript/beschel-test/node_modules/jade/lib/parser.js:759:17)\n    at Parser.parseExpr (/Users/joecarlson/Documents/Dev/JavaScript/beschel-test/node_modules/jade/lib/parser.js:211:21)\n    at Parser.tag (/Users/joecarlson/Documents/Dev/JavaScript/beschel-test/node_modules/jade/lib/parser.js:819:29)\n    at Parser.parseTag (/Users/joecarlson/Documents/Dev/JavaScript/beschel-test/node_modules/jade/lib/parser.js:759:17)","timestamp":"2015-12-06T03:24:25.645Z"}
{"level":"info","message":"Server started","timestamp":"2015-12-06T03:24:38.203Z"}
{"level":"error","message":"GET /: Error: /Users/joecarlson/Documents/Dev/JavaScript/beschel-test/server/views/index.jade:23\n    21| \n    22|     - barChartHelper.getBarChart({\n  > 23|       data: fixtureData,\n    24|       width: 400,\n    25|       height: 300,\n    26|       xAxisLabel: '2012',\n\nunexpected text ,\n   \n    at Object.Lexer.fail (/Users/joecarlson/Documents/Dev/JavaScript/beschel-test/node_modules/jade/lib/lexer.js:887:11)\n    at Object.Lexer.next (/Users/joecarlson/Documents/Dev/JavaScript/beschel-test/node_modules/jade/lib/lexer.js:947:15)\n    at Object.Lexer.lookahead (/Users/joecarlson/Documents/Dev/JavaScript/beschel-test/node_modules/jade/lib/lexer.js:113:46)\n    at Parser.lookahead (/Users/joecarlson/Documents/Dev/JavaScript/beschel-test/node_modules/jade/lib/parser.js:102:23)\n    at Parser.peek (/Users/joecarlson/Documents/Dev/JavaScript/beschel-test/node_modules/jade/lib/parser.js:79:17)\n    at Parser.tag (/Users/joecarlson/Documents/Dev/JavaScript/beschel-test/node_modules/jade/lib/parser.js:773:22)\n    at Parser.parseTag (/Users/joecarlson/Documents/Dev/JavaScript/beschel-test/node_modules/jade/lib/parser.js:759:17)\n    at Parser.parseExpr (/Users/joecarlson/Documents/Dev/JavaScript/beschel-test/node_modules/jade/lib/parser.js:211:21)\n    at Parser.tag (/Users/joecarlson/Documents/Dev/JavaScript/beschel-test/node_modules/jade/lib/parser.js:819:29)\n    at Parser.parseTag (/Users/joecarlson/Documents/Dev/JavaScript/beschel-test/node_modules/jade/lib/parser.js:759:17)","timestamp":"2015-12-06T03:24:44.085Z"}
{"level":"error","message":"GET /: Error: /Users/joecarlson/Documents/Dev/JavaScript/beschel-test/server/views/index.jade:23\n    21| \n    22|     - barChartHelper.getBarChart({\n  > 23|       data: fixtureData,\n    24|       width: 400,\n    25|       height: 300,\n    26|       xAxisLabel: '2012',\n\nunexpected text ,\n   \n    at Object.Lexer.fail (/Users/joecarlson/Documents/Dev/JavaScript/beschel-test/node_modules/jade/lib/lexer.js:887:11)\n    at Object.Lexer.next (/Users/joecarlson/Documents/Dev/JavaScript/beschel-test/node_modules/jade/lib/lexer.js:947:15)\n    at Object.Lexer.lookahead (/Users/joecarlson/Documents/Dev/JavaScript/beschel-test/node_modules/jade/lib/lexer.js:113:46)\n    at Parser.lookahead (/Users/joecarlson/Documents/Dev/JavaScript/beschel-test/node_modules/jade/lib/parser.js:102:23)\n    at Parser.peek (/Users/joecarlson/Documents/Dev/JavaScript/beschel-test/node_modules/jade/lib/parser.js:79:17)\n    at Parser.tag (/Users/joecarlson/Documents/Dev/JavaScript/beschel-test/node_modules/jade/lib/parser.js:773:22)\n    at Parser.parseTag (/Users/joecarlson/Documents/Dev/JavaScript/beschel-test/node_modules/jade/lib/parser.js:759:17)\n    at Parser.parseExpr (/Users/joecarlson/Documents/Dev/JavaScript/beschel-test/node_modules/jade/lib/parser.js:211:21)\n    at Parser.tag (/Users/joecarlson/Documents/Dev/JavaScript/beschel-test/node_modules/jade/lib/parser.js:819:29)\n    at Parser.parseTag (/Users/joecarlson/Documents/Dev/JavaScript/beschel-test/node_modules/jade/lib/parser.js:759:17)","timestamp":"2015-12-06T03:25:03.649Z"}
{"level":"info","message":"Server started","timestamp":"2015-12-06T03:26:19.277Z"}
{"level":"info","message":"Server started","timestamp":"2015-12-06T03:26:21.752Z"}
{"level":"info","message":"Server started","timestamp":"2015-12-06T03:26:28.389Z"}
{"level":"info","message":"Server started","timestamp":"2015-12-06T03:26:41.949Z"}
{"level":"info","message":"Server started","timestamp":"2015-12-06T03:27:46.482Z"}
{"level":"info","message":"Server started","timestamp":"2015-12-06T03:38:00.925Z"}
{"level":"info","message":"Server started","timestamp":"2015-12-06T04:11:24.469Z"}
{"level":"info","message":"Server started","timestamp":"2015-12-06T04:11:43.606Z"}
{"level":"info","message":"Server started","timestamp":"2015-12-06T04:12:17.475Z"}
{"level":"info","message":"Server started","timestamp":"2015-12-06T04:12:42.078Z"}
{"level":"info","message":"Server started","timestamp":"2015-12-06T04:13:30.982Z"}
{"level":"info","message":"Server started","timestamp":"2015-12-06T04:14:23.723Z"}
{"level":"info","message":"Server started","timestamp":"2015-12-06T04:15:23.848Z"}
{"level":"info","message":"Server started","timestamp":"2015-12-06T04:16:28.669Z"}
{"level":"info","message":"Server started","timestamp":"2015-12-06T04:16:31.389Z"}
{"level":"info","message":"Server started","timestamp":"2015-12-06T04:17:11.598Z"}
{"level":"info","message":"Server started","timestamp":"2015-12-06T04:17:48.464Z"}
{"level":"info","message":"Server started","timestamp":"2015-12-06T04:18:12.752Z"}
{"level":"info","message":"Server started","timestamp":"2015-12-06T04:20:36.336Z"}
{"level":"info","message":"Server started","timestamp":"2015-12-06T18:32:40.191Z"}
{"level":"info","message":"Server started","timestamp":"2015-12-06T18:45:04.090Z"}
{"level":"info","message":"Server started","timestamp":"2015-12-06T18:49:11.414Z"}
{"level":"info","message":"Server started","timestamp":"2015-12-06T18:49:13.400Z"}
{"level":"info","message":"Server started","timestamp":"2015-12-06T18:49:28.809Z"}
{"level":"info","message":"Server started","timestamp":"2015-12-06T18:50:14.832Z"}
{"level":"info","message":"Server started","timestamp":"2015-12-06T18:50:33.989Z"}
{"level":"info","message":"Server started","timestamp":"2015-12-06T18:51:17.800Z"}
{"level":"info","message":"Server started","timestamp":"2015-12-06T18:51:34.406Z"}
{"level":"info","message":"Server started","timestamp":"2015-12-06T18:51:49.855Z"}
{"level":"info","message":"Server started","timestamp":"2015-12-07T18:11:52.600Z"}
{"level":"info","message":"Server started","timestamp":"2015-12-07T18:13:51.227Z"}
{"level":"info","message":"Server started","timestamp":"2015-12-07T18:40:53.251Z"}
{"level":"info","message":"Server started","timestamp":"2015-12-07T19:42:40.905Z"}
{"level":"info","message":"Server started","timestamp":"2015-12-08T01:38:14.545Z"}
{"level":"info","message":"Server started","timestamp":"2015-12-08T01:58:09.730Z"}
{"level":"info","message":"Server started","timestamp":"2015-12-08T02:10:44.555Z"}
{"level":"info","message":"Server started","timestamp":"2015-12-08T03:40:00.592Z"}
{"level":"info","message":"Server started","timestamp":"2015-12-08T03:55:46.643Z"}
{"level":"info","message":"Server started","timestamp":"2015-12-08T07:03:17.682Z"}
{"level":"info","message":"Server started","timestamp":"2015-12-08T07:04:52.871Z"}
{"level":"info","message":"Server started","timestamp":"2015-12-08T07:29:01.202Z"}
{"level":"info","message":"Server started","timestamp":"2015-12-08T07:29:18.517Z"}
{"level":"info","message":"Server started","timestamp":"2015-12-08T07:29:39.860Z"}
{"level":"info","message":"Server started","timestamp":"2015-12-08T07:29:55.663Z"}
{"level":"info","message":"Server started","timestamp":"2015-12-08T07:30:17.677Z"}
{"level":"info","message":"Server started","timestamp":"2015-12-08T07:30:49.057Z"}
{"level":"info","message":"Server started","timestamp":"2015-12-08T07:34:32.160Z"}
{"level":"info","message":"Server started","timestamp":"2015-12-08T07:36:55.650Z"}
{"level":"info","message":"Server started","timestamp":"2015-12-08T07:39:34.236Z"}
{"level":"info","message":"Server started","timestamp":"2015-12-08T07:40:32.214Z"}
{"level":"info","message":"Server started","timestamp":"2015-12-08T07:41:01.370Z"}
{"level":"info","message":"Server started","timestamp":"2015-12-08T07:41:35.879Z"}
{"level":"info","message":"Server started","timestamp":"2015-12-08T07:42:38.567Z"}
{"level":"info","message":"Server started","timestamp":"2015-12-08T07:42:46.721Z"}
{"level":"info","message":"Server started","timestamp":"2015-12-08T07:43:14.057Z"}
{"level":"info","message":"Server started","timestamp":"2015-12-08T07:43:32.126Z"}
{"level":"info","message":"Server started","timestamp":"2015-12-08T07:43:46.517Z"}
{"level":"info","message":"Server started","timestamp":"2015-12-08T07:44:01.546Z"}
{"level":"info","message":"Server started","timestamp":"2015-12-08T07:44:20.148Z"}
{"level":"info","message":"Server started","timestamp":"2015-12-08T07:45:14.720Z"}
{"level":"info","message":"Server started","timestamp":"2015-12-08T07:45:29.201Z"}
{"level":"info","message":"Server started","timestamp":"2015-12-08T07:45:46.178Z"}
{"level":"info","message":"Server started","timestamp":"2015-12-08T07:47:46.547Z"}
{"level":"info","message":"Server started","timestamp":"2015-12-08T07:48:14.867Z"}
{"level":"info","message":"Server started","timestamp":"2015-12-08T07:48:31.513Z"}
{"level":"info","message":"Server started","timestamp":"2015-12-08T07:48:53.162Z"}
{"level":"info","message":"Server started","timestamp":"2015-12-08T07:48:55.760Z"}
{"level":"info","message":"Server started","timestamp":"2015-12-08T07:48:57.773Z"}
{"level":"info","message":"Server started","timestamp":"2015-12-08T07:49:34.008Z"}
{"level":"info","message":"Server started","timestamp":"2015-12-08T07:50:17.338Z"}
{"level":"info","message":"Server started","timestamp":"2015-12-08T07:50:33.969Z"}
{"level":"info","message":"Server started","timestamp":"2015-12-08T07:51:01.036Z"}
{"level":"info","message":"Server started","timestamp":"2015-12-08T07:52:31.744Z"}
{"level":"info","message":"Server started","timestamp":"2015-12-08T07:52:33.821Z"}
{"level":"info","message":"Server started","timestamp":"2015-12-08T07:53:36.825Z"}
{"level":"info","message":"Server started","timestamp":"2015-12-08T07:53:48.875Z"}
{"level":"info","message":"Server started","timestamp":"2015-12-08T07:54:53.149Z"}
{"level":"info","message":"Server started","timestamp":"2015-12-08T07:55:08.482Z"}
{"level":"info","message":"Server started","timestamp":"2015-12-08T07:58:06.923Z"}
{"level":"info","message":"Server started","timestamp":"2015-12-08T07:58:39.591Z"}
{"level":"info","message":"Server started","timestamp":"2015-12-08T07:58:41.491Z"}
{"level":"info","message":"Server started","timestamp":"2015-12-08T07:59:24.136Z"}
{"level":"info","message":"Server started","timestamp":"2015-12-08T08:00:14.273Z"}
{"level":"info","message":"Server started","timestamp":"2015-12-08T08:00:25.668Z"}
{"level":"info","message":"Server started","timestamp":"2015-12-08T08:00:56.772Z"}
{"level":"info","message":"Server started","timestamp":"2015-12-08T08:01:28.744Z"}
{"level":"info","message":"Server started","timestamp":"2015-12-08T08:01:53.595Z"}
{"level":"info","message":"Server started","timestamp":"2015-12-08T08:02:23.769Z"}
{"level":"info","message":"Server started","timestamp":"2015-12-08T08:02:30.838Z"}
{"level":"info","message":"Server started","timestamp":"2015-12-08T08:02:53.195Z"}
{"level":"info","message":"Server started","timestamp":"2015-12-08T08:02:58.207Z"}
{"level":"info","message":"Server started","timestamp":"2015-12-08T08:03:19.406Z"}
{"level":"info","message":"Server started","timestamp":"2015-12-08T23:28:31.257Z"}
{"level":"info","message":"Server started","timestamp":"2015-12-09T02:56:44.249Z"}
{"level":"info","message":"Server started","timestamp":"2015-12-09T03:04:03.806Z"}
{"level":"info","message":"Server started","timestamp":"2015-12-09T05:24:41.708Z"}
{"level":"info","message":"Server started","timestamp":"2015-12-09T19:41:36.955Z"}
{"level":"info","message":"Server started","timestamp":"2015-12-09T19:42:46.333Z"}
{"level":"info","message":"Server started","timestamp":"2015-12-09T19:43:35.268Z"}
{"level":"info","message":"Server started","timestamp":"2015-12-09T19:44:05.296Z"}
{"level":"info","message":"Server started","timestamp":"2015-12-09T19:44:20.479Z"}
{"level":"info","message":"Server started","timestamp":"2015-12-09T19:44:38.452Z"}
{"level":"info","message":"Server started","timestamp":"2015-12-09T19:45:17.495Z"}
{"level":"info","message":"Server started","timestamp":"2015-12-09T19:45:20.982Z"}
{"level":"info","message":"Server started","timestamp":"2015-12-09T19:45:36.207Z"}
{"level":"info","message":"Server started","timestamp":"2015-12-09T19:45:50.463Z"}
{"level":"info","message":"Server started","timestamp":"2015-12-09T19:46:56.881Z"}
{"level":"info","message":"Server started","timestamp":"2015-12-09T19:47:41.199Z"}
{"level":"info","message":"Server started","timestamp":"2015-12-09T19:47:51.584Z"}
{"level":"info","message":"Server started","timestamp":"2015-12-09T19:48:12.113Z"}
{"level":"info","message":"Server started","timestamp":"2015-12-09T19:48:14.981Z"}
{"level":"info","message":"Server started","timestamp":"2015-12-09T19:48:34.338Z"}
{"level":"info","message":"Server started","timestamp":"2015-12-09T19:48:47.114Z"}
{"level":"info","message":"Server started","timestamp":"2015-12-09T19:48:50.155Z"}
{"level":"info","message":"Server started","timestamp":"2015-12-09T19:51:59.651Z"}
{"level":"info","message":"Server started","timestamp":"2015-12-09T19:53:32.844Z"}
{"level":"info","message":"Server started","timestamp":"2015-12-09T19:54:10.122Z"}
{"level":"info","message":"Server started","timestamp":"2015-12-09T19:58:35.074Z"}
{"level":"info","message":"Server started","timestamp":"2015-12-09T22:25:38.521Z"}
{"level":"info","message":"Server started","timestamp":"2015-12-09T22:46:20.018Z"}
{"level":"info","message":"Server started","timestamp":"2015-12-09T22:47:08.509Z"}
{"level":"info","message":"Server started","timestamp":"2015-12-09T22:47:15.306Z"}
{"level":"info","message":"Server started","timestamp":"2015-12-09T22:47:28.778Z"}
{"level":"info","message":"Server started","timestamp":"2015-12-09T22:48:16.290Z"}
{"level":"info","message":"Server started","timestamp":"2015-12-09T22:48:52.098Z"}
{"level":"info","message":"Server started","timestamp":"2015-12-09T22:49:13.147Z"}
{"level":"info","message":"Server started","timestamp":"2015-12-09T22:49:30.737Z"}
{"level":"info","message":"Server started","timestamp":"2015-12-09T22:49:58.842Z"}
{"level":"info","message":"Server started","timestamp":"2015-12-09T22:53:03.021Z"}
{"level":"info","message":"Server started","timestamp":"2015-12-09T22:54:00.663Z"}
{"level":"info","message":"Server started","timestamp":"2015-12-09T22:54:47.519Z"}
{"level":"info","message":"Server started","timestamp":"2015-12-09T22:54:54.774Z"}
{"level":"info","message":"Server started","timestamp":"2015-12-09T22:55:27.652Z"}
{"level":"info","message":"Server started","timestamp":"2015-12-09T22:56:06.034Z"}
{"level":"info","message":"Server started","timestamp":"2015-12-09T23:29:43.651Z"}
{"level":"info","message":"Server started","timestamp":"2015-12-09T23:30:18.197Z"}
{"level":"info","message":"Server started","timestamp":"2015-12-09T23:31:09.374Z"}
{"level":"info","message":"Server started","timestamp":"2015-12-09T23:31:11.579Z"}
{"level":"info","message":"Server started","timestamp":"2015-12-09T23:35:28.089Z"}
{"level":"error","message":"GET /contact: Error: /Users/joecarlson/Documents/Dev/beschel-test/server/views/contact.jade:8\n    6|     .large-9.columns\n    7|         h3 Get in Touch!\n  > 8|         |\n    9|         p\n    10|           | We&apos;d love to hear from you. You can either reach out to us as a whole and one of our awesome team members will get back to you, or if you have a specific question reach out to one of our staff. We love getting email all day\n    11|           em all day\n\nunexpected text |\n   \n    at Object.Lexer.fail (/Users/joecarlson/Documents/Dev/beschel-test/node_modules/jade/lib/lexer.js:887:11)\n    at Object.Lexer.next (/Users/joecarlson/Documents/Dev/beschel-test/node_modules/jade/lib/lexer.js:947:15)\n    at Object.Lexer.lookahead (/Users/joecarlson/Documents/Dev/beschel-test/node_modules/jade/lib/lexer.js:113:46)\n    at Parser.lookahead (/Users/joecarlson/Documents/Dev/beschel-test/node_modules/jade/lib/parser.js:102:23)\n    at Parser.peek (/Users/joecarlson/Documents/Dev/beschel-test/node_modules/jade/lib/parser.js:79:17)\n    at Parser.tag (/Users/joecarlson/Documents/Dev/beschel-test/node_modules/jade/lib/parser.js:832:30)\n    at Parser.parseTag (/Users/joecarlson/Documents/Dev/beschel-test/node_modules/jade/lib/parser.js:759:17)\n    at Parser.parseExpr (/Users/joecarlson/Documents/Dev/beschel-test/node_modules/jade/lib/parser.js:211:21)\n    at Parser.block (/Users/joecarlson/Documents/Dev/beschel-test/node_modules/jade/lib/parser.js:729:25)\n    at Parser.tag (/Users/joecarlson/Documents/Dev/beschel-test/node_modules/jade/lib/parser.js:838:24)","timestamp":"2015-12-09T23:35:34.980Z"}
{"level":"info","message":"Server started","timestamp":"2015-12-09T23:36:35.818Z"}
{"level":"info","message":"Server started","timestamp":"2015-12-09T23:38:21.327Z"}
{"level":"info","message":"Server started","timestamp":"2015-12-09T23:38:51.111Z"}
{"level":"info","message":"Server started","timestamp":"2015-12-09T23:39:21.922Z"}
{"level":"info","message":"Server started","timestamp":"2015-12-09T23:40:01.843Z"}
{"level":"info","message":"Server started","timestamp":"2015-12-09T23:40:38.535Z"}
{"level":"info","message":"Server started","timestamp":"2015-12-09T23:41:32.224Z"}
{"level":"info","message":"Server started","timestamp":"2015-12-09T23:41:36.147Z"}
{"level":"info","message":"Server started","timestamp":"2015-12-09T23:42:42.086Z"}
{"level":"info","message":"Server started","timestamp":"2015-12-09T23:42:43.989Z"}
{"level":"info","message":"Server started","timestamp":"2015-12-09T23:42:58.392Z"}
{"level":"info","message":"Server started","timestamp":"2015-12-09T23:43:53.068Z"}
{"level":"info","message":"Server started","timestamp":"2015-12-09T23:43:57.364Z"}
{"level":"info","message":"Server started","timestamp":"2015-12-09T23:44:14.908Z"}
{"level":"info","message":"Server started","timestamp":"2015-12-09T23:44:44.191Z"}
{"level":"info","message":"Server started","timestamp":"2015-12-09T23:44:50.859Z"}
{"level":"info","message":"Server started","timestamp":"2015-12-09T23:45:18.813Z"}
{"level":"info","message":"Server started","timestamp":"2015-12-09T23:45:50.920Z"}
{"level":"info","message":"Server started","timestamp":"2015-12-09T23:45:53.372Z"}
{"level":"info","message":"Server started","timestamp":"2015-12-09T23:46:13.605Z"}
{"level":"info","message":"Server started","timestamp":"2015-12-09T23:46:32.304Z"}
{"level":"info","message":"Server started","timestamp":"2015-12-09T23:48:03.309Z"}
{"level":"info","message":"Server started","timestamp":"2015-12-09T23:48:30.559Z"}
{"level":"info","message":"Server started","timestamp":"2015-12-09T23:49:32.683Z"}
{"level":"info","message":"Server started","timestamp":"2015-12-09T23:49:40.448Z"}
{"level":"info","message":"Server started","timestamp":"2015-12-09T23:50:02.475Z"}
{"level":"info","message":"Server started","timestamp":"2015-12-09T23:50:21.075Z"}
{"level":"info","message":"Server started","timestamp":"2015-12-09T23:51:18.786Z"}
{"level":"info","message":"Server started","timestamp":"2015-12-09T23:52:18.171Z"}
{"level":"info","message":"Server started","timestamp":"2015-12-10T00:32:16.019Z"}
{"level":"info","message":"Server started","timestamp":"2015-12-10T00:37:30.740Z"}
{"level":"info","message":"Server started","timestamp":"2015-12-10T00:54:06.150Z"}
{"level":"info","message":"Server started","timestamp":"2015-12-10T00:54:57.694Z"}
{"level":"info","message":"Server started","timestamp":"2015-12-10T00:55:22.014Z"}
{"level":"info","message":"Server started","timestamp":"2015-12-10T00:55:56.249Z"}
{"level":"info","message":"Server started","timestamp":"2015-12-10T00:56:04.594Z"}
{"level":"info","message":"Server started","timestamp":"2015-12-10T00:56:07.302Z"}
{"level":"info","message":"Server started","timestamp":"2015-12-10T00:56:13.783Z"}
{"level":"info","message":"Server started","timestamp":"2015-12-10T00:56:57.429Z"}
{"level":"info","message":"Server started","timestamp":"2015-12-10T01:23:26.833Z"}
{"level":"info","message":"Server started","timestamp":"2015-12-10T21:12:31.177Z"}
{"level":"info","message":"Server started","timestamp":"2015-12-10T21:23:09.529Z"}
{"level":"info","message":"Server started","timestamp":"2015-12-10T21:23:32.806Z"}
{"level":"info","message":"Server started","timestamp":"2015-12-10T21:24:35.702Z"}
{"level":"info","message":"Server started","timestamp":"2015-12-10T21:24:55.798Z"}
{"level":"info","message":"Server started","timestamp":"2015-12-10T21:26:52.534Z"}
{"level":"info","message":"Server started","timestamp":"2015-12-10T21:30:44.299Z"}
{"level":"info","message":"Server started","timestamp":"2015-12-10T21:31:02.762Z"}
{"level":"info","message":"Server started","timestamp":"2015-12-10T21:32:27.005Z"}
{"level":"info","message":"Server started","timestamp":"2015-12-10T21:33:42.854Z"}
{"level":"info","message":"Server started","timestamp":"2015-12-10T21:35:47.276Z"}
{"level":"info","message":"Server started","timestamp":"2015-12-10T21:35:58.325Z"}
{"level":"info","message":"Server started","timestamp":"2015-12-10T21:36:07.817Z"}
{"level":"info","message":"Server started","timestamp":"2015-12-10T21:41:15.003Z"}
{"level":"info","message":"Server started","timestamp":"2015-12-10T21:54:00.370Z"}
{"level":"info","message":"Server started","timestamp":"2015-12-10T21:54:03.390Z"}
{"level":"info","message":"Server started","timestamp":"2015-12-10T21:54:17.348Z"}
{"level":"info","message":"Server started","timestamp":"2015-12-10T21:54:27.430Z"}
{"level":"info","message":"Server started","timestamp":"2015-12-10T21:56:51.925Z"}
{"level":"info","message":"Server started","timestamp":"2015-12-10T21:57:41.869Z"}
{"level":"info","message":"Server started","timestamp":"2015-12-10T21:59:34.888Z"}
{"level":"info","message":"Server started","timestamp":"2015-12-10T22:01:05.268Z"}
{"level":"info","message":"Server started","timestamp":"2015-12-10T22:08:15.607Z"}
{"level":"info","message":"Server started","timestamp":"2015-12-10T22:08:29.686Z"}
{"level":"info","message":"Server started","timestamp":"2015-12-10T22:08:42.179Z"}
{"level":"info","message":"Server started","timestamp":"2015-12-10T22:10:23.123Z"}
{"level":"info","message":"Server started","timestamp":"2015-12-10T22:19:34.434Z"}
{"level":"info","message":"Server started","timestamp":"2015-12-12T04:54:32.871Z"}
{"level":"info","message":"Server started","timestamp":"2015-12-12T05:17:41.174Z"}
{"level":"info","message":"Server started","timestamp":"2015-12-12T05:20:49.782Z"}
{"level":"info","message":"Server started","timestamp":"2015-12-12T05:22:04.999Z"}
{"level":"info","message":"Server started","timestamp":"2015-12-12T05:26:07.428Z"}
{"level":"info","message":"Server started","timestamp":"2015-12-12T05:30:38.865Z"}
{"level":"info","message":"Server started","timestamp":"2015-12-12T05:35:45.174Z"}
{"level":"info","message":"Server started","timestamp":"2015-12-12T05:36:09.011Z"}
{"level":"info","message":"Server started","timestamp":"2015-12-12T05:38:02.731Z"}
{"level":"info","message":"Server started","timestamp":"2015-12-12T05:39:38.305Z"}
{"level":"info","message":"Server started","timestamp":"2015-12-12T05:40:45.393Z"}
{"level":"info","message":"Server started","timestamp":"2015-12-12T05:41:32.583Z"}
{"level":"info","message":"Server started","timestamp":"2015-12-12T05:43:23.037Z"}
{"level":"info","message":"Server started","timestamp":"2015-12-12T05:45:44.792Z"}
{"level":"info","message":"Server started","timestamp":"2015-12-12T05:45:48.899Z"}
{"level":"info","message":"Server started","timestamp":"2015-12-12T05:49:06.505Z"}
{"level":"info","message":"Server started","timestamp":"2015-12-12T05:49:29.263Z"}
{"level":"info","message":"Server started","timestamp":"2015-12-12T05:51:18.161Z"}
{"level":"info","message":"Server started","timestamp":"2015-12-12T05:52:57.979Z"}
{"level":"info","message":"Server started","timestamp":"2015-12-12T06:04:22.460Z"}
{"level":"info","message":"Server started","timestamp":"2015-12-12T06:16:52.918Z"}
{"level":"info","message":"Server started","timestamp":"2015-12-12T06:19:26.774Z"}
{"level":"info","message":"Server started","timestamp":"2015-12-12T06:21:38.721Z"}
{"level":"info","message":"Server started","timestamp":"2015-12-12T06:21:47.093Z"}
{"level":"info","message":"Server started","timestamp":"2015-12-12T06:22:48.089Z"}
{"level":"info","message":"Server started","timestamp":"2015-12-12T06:23:17.303Z"}
{"level":"info","message":"Server started","timestamp":"2015-12-12T06:24:30.202Z"}
{"level":"info","message":"Server started","timestamp":"2015-12-12T06:24:37.381Z"}
{"level":"info","message":"Server started","timestamp":"2015-12-12T06:25:21.645Z"}
{"level":"info","message":"Server started","timestamp":"2015-12-12T06:26:49.596Z"}
{"level":"info","message":"Server started","timestamp":"2015-12-12T06:27:05.969Z"}
{"level":"info","message":"Server started","timestamp":"2015-12-12T06:28:04.659Z"}
{"level":"info","message":"Server started","timestamp":"2015-12-12T06:28:24.298Z"}
{"level":"info","message":"Server started","timestamp":"2015-12-12T06:32:01.015Z"}
{"level":"info","message":"Server started","timestamp":"2015-12-12T06:32:35.512Z"}
{"level":"info","message":"Server started","timestamp":"2015-12-12T06:32:53.161Z"}
{"level":"info","message":"Server started","timestamp":"2015-12-12T06:33:42.162Z"}
